mode: atomic
auth-service/docs/docs.go:925.13,927.2 1 0
auth-service/cmd/server/main.go:66.65,67.30 1 24
auth-service/cmd/server/main.go:67.30,69.33 2 32
auth-service/cmd/server/main.go:69.33,70.39 1 55
auth-service/cmd/server/main.go:70.39,73.5 2 16
auth-service/cmd/server/main.go:75.3,75.97 1 16
auth-service/cmd/server/main.go:79.13,82.16 2 0
auth-service/cmd/server/main.go:82.16,84.3 1 0
auth-service/cmd/server/main.go:86.2,90.16 3 0
auth-service/cmd/server/main.go:90.16,92.3 1 0
auth-service/cmd/server/main.go:95.2,146.2 16 0
auth-service/cmd/server/main.go:146.2,160.3 12 0
auth-service/cmd/server/main.go:163.2,177.36 11 0
auth-service/cmd/server/main.go:177.36,180.3 2 0
auth-service/docs/docs.go:925.13,927.2 1 1
auth-service/internal/actuator/actuator.go:45.46,54.16 2 33
auth-service/internal/actuator/actuator.go:54.16,57.3 1 0
auth-service/internal/actuator/actuator.go:59.2,104.3 7 33
auth-service/internal/actuator/actuator.go:108.78,111.2 2 1
auth-service/internal/actuator/actuator.go:114.81,117.2 2 1
auth-service/internal/actuator/actuator.go:120.55,122.2 2 19
auth-service/internal/actuator/actuator.go:122.2,149.3 15 19
auth-service/internal/actuator/actuator.go:151.2,151.83 1 19
auth-service/internal/actuator/actuator.go:155.43,165.2 4 2
auth-service/internal/actuator/actuator.go:168.45,177.2 4 2
auth-service/internal/actuator/actuator.go:180.46,189.2 4 2
auth-service/internal/actuator/actuator.go:192.41,197.2 3 2
auth-service/internal/actuator/actuator.go:200.48,215.2 4 2
auth-service/internal/actuator/actuator.go:218.44,235.2 5 2
auth-service/internal/actuator/actuator.go:238.54,248.2 5 2
auth-service/internal/actuator/actuator.go:251.43,263.2 2 2
auth-service/internal/actuator/actuator.go:266.43,275.2 2 2
auth-service/internal/actuator/actuator.go:278.47,290.2 4 2
auth-service/internal/actuator/actuator.go:293.45,311.2 4 2
auth-service/internal/actuator/actuator.go:314.48,319.2 1 2
auth-service/internal/actuator/actuator.go:322.45,340.2 2 2
auth-service/internal/actuator/actuator.go:343.44,353.2 2 2
auth-service/internal/actuator/actuator.go:356.51,363.51 3 4
auth-service/internal/actuator/actuator.go:363.51,368.3 2 2
auth-service/internal/actuator/actuator.go:370.2,374.4 1 2
auth-service/internal/actuator/actuator.go:378.95,381.2 2 4
auth-service/internal/actuator/actuator.go:384.58,386.2 1 2
auth-service/internal/actuator/actuator.go:389.56,391.2 1 2
auth-service/internal/actuator/actuator.go:394.43,408.2 3 6
auth-service/internal/actuator/actuator.go:411.44,418.2 1 4
auth-service/internal/actuator/actuator.go:421.44,431.2 1 4
auth-service/internal/actuator/health_checks.go:14.56,15.22 1 2
auth-service/internal/actuator/health_checks.go:15.22,20.3 3 0
auth-service/internal/actuator/health_checks.go:24.66,25.22 1 3
auth-service/internal/actuator/health_checks.go:25.22,29.3 1 3
auth-service/internal/actuator/health_checks.go:33.63,34.22 1 4
auth-service/internal/actuator/health_checks.go:34.22,38.3 1 4
auth-service/internal/actuator/health_checks.go:42.64,43.22 1 6
auth-service/internal/actuator/health_checks.go:43.22,50.53 4 6
auth-service/internal/actuator/health_checks.go:50.53,52.4 1 3
auth-service/internal/actuator/health_checks.go:54.3,54.13 1 3
auth-service/internal/actuator/health_checks.go:59.64,60.22 1 5
auth-service/internal/actuator/health_checks.go:60.22,62.28 2 5
auth-service/internal/actuator/health_checks.go:62.28,64.4 1 3
auth-service/internal/actuator/health_checks.go:65.3,65.13 1 2
auth-service/internal/actuator/health_checks.go:70.66,72.2 1 4
auth-service/internal/actuator/health_checks.go:75.91,76.22 1 6
auth-service/internal/actuator/health_checks.go:76.22,78.13 2 5
auth-service/internal/actuator/health_checks.go:78.13,80.4 1 5
auth-service/internal/actuator/health_checks.go:82.3,82.10 1 5
auth-service/internal/actuator/health_checks.go:83.22,84.14 1 2
auth-service/internal/actuator/health_checks.go:85.30,86.65 1 3
auth-service/internal/handler/rest/auth_handler.go:21.54,24.16 2 12
auth-service/internal/handler/rest/auth_handler.go:24.16,27.3 1 0
auth-service/internal/handler/rest/auth_handler.go:29.2,32.3 1 12
auth-service/internal/handler/rest/auth_handler.go:77.45,82.72 3 4
auth-service/internal/handler/rest/auth_handler.go:82.72,83.64 1 4
auth-service/internal/handler/rest/auth_handler.go:83.64,85.4 1 4
auth-service/internal/handler/rest/auth_handler.go:89.2,89.22 1 4
auth-service/internal/handler/rest/auth_handler.go:89.22,91.3 1 0
auth-service/internal/handler/rest/auth_handler.go:93.2,99.47 3 4
auth-service/internal/handler/rest/auth_handler.go:99.47,108.3 4 3
auth-service/internal/handler/rest/auth_handler.go:110.2,153.33 11 1
auth-service/internal/handler/rest/auth_handler.go:177.48,182.72 3 4
auth-service/internal/handler/rest/auth_handler.go:182.72,183.64 1 4
auth-service/internal/handler/rest/auth_handler.go:183.64,185.4 1 4
auth-service/internal/handler/rest/auth_handler.go:189.2,189.22 1 4
auth-service/internal/handler/rest/auth_handler.go:189.22,191.3 1 0
auth-service/internal/handler/rest/auth_handler.go:193.2,199.47 3 4
auth-service/internal/handler/rest/auth_handler.go:199.47,207.3 3 3
auth-service/internal/handler/rest/auth_handler.go:209.2,245.34 10 1
auth-service/internal/handler/rest/auth_handler.go:265.52,270.72 3 2
auth-service/internal/handler/rest/auth_handler.go:270.72,271.64 1 2
auth-service/internal/handler/rest/auth_handler.go:271.64,273.4 1 2
auth-service/internal/handler/rest/auth_handler.go:277.2,277.22 1 2
auth-service/internal/handler/rest/auth_handler.go:277.22,279.3 1 0
auth-service/internal/handler/rest/auth_handler.go:281.2,287.47 3 2
auth-service/internal/handler/rest/auth_handler.go:287.47,295.3 3 1
auth-service/internal/handler/rest/auth_handler.go:297.2,328.33 7 1
auth-service/internal/handler/rest/auth_handler.go:342.46,347.72 3 1
auth-service/internal/handler/rest/auth_handler.go:347.72,348.64 1 1
auth-service/internal/handler/rest/auth_handler.go:348.64,350.4 1 1
auth-service/internal/handler/rest/auth_handler.go:354.2,354.22 1 1
auth-service/internal/handler/rest/auth_handler.go:354.22,356.3 1 0
auth-service/internal/handler/rest/auth_handler.go:358.2,377.4 6 1
auth-service/internal/handler/rest/oauth_handler.go:23.56,26.16 2 35
auth-service/internal/handler/rest/oauth_handler.go:26.16,29.3 1 35
auth-service/internal/handler/rest/oauth_handler.go:31.2,34.3 1 35
auth-service/internal/handler/rest/oauth_handler.go:49.52,54.72 3 5
auth-service/internal/handler/rest/oauth_handler.go:54.72,55.64 1 5
auth-service/internal/handler/rest/oauth_handler.go:55.64,57.4 1 5
auth-service/internal/handler/rest/oauth_handler.go:61.2,61.22 1 5
auth-service/internal/handler/rest/oauth_handler.go:61.22,63.3 1 0
auth-service/internal/handler/rest/oauth_handler.go:65.2,73.20 4 5
auth-service/internal/handler/rest/oauth_handler.go:73.20,82.3 4 1
auth-service/internal/handler/rest/oauth_handler.go:84.2,91.23 3 4
auth-service/internal/handler/rest/oauth_handler.go:91.23,93.3 1 1
auth-service/internal/handler/rest/oauth_handler.go:97.2,110.4 4 4
auth-service/internal/handler/rest/oauth_handler.go:127.55,132.72 3 7
auth-service/internal/handler/rest/oauth_handler.go:132.72,133.64 1 7
auth-service/internal/handler/rest/oauth_handler.go:133.64,135.4 1 7
auth-service/internal/handler/rest/oauth_handler.go:139.2,139.22 1 7
auth-service/internal/handler/rest/oauth_handler.go:139.22,141.3 1 0
auth-service/internal/handler/rest/oauth_handler.go:143.2,152.22 5 7
auth-service/internal/handler/rest/oauth_handler.go:152.22,161.3 4 2
auth-service/internal/handler/rest/oauth_handler.go:163.2,163.16 1 5
auth-service/internal/handler/rest/oauth_handler.go:163.16,172.3 4 1
auth-service/internal/handler/rest/oauth_handler.go:174.2,176.43 1 4
auth-service/internal/handler/rest/oauth_handler.go:176.43,177.23 1 4
auth-service/internal/handler/rest/oauth_handler.go:177.23,179.5 1 3
auth-service/internal/handler/rest/oauth_handler.go:180.4,180.23 1 1
auth-service/internal/handler/rest/oauth_handler.go:187.2,214.33 8 4
auth-service/internal/handler/rest/oauth_handler.go:245.58,250.72 3 7
auth-service/internal/handler/rest/oauth_handler.go:250.72,251.64 1 7
auth-service/internal/handler/rest/oauth_handler.go:251.64,253.4 1 7
auth-service/internal/handler/rest/oauth_handler.go:257.2,257.22 1 7
auth-service/internal/handler/rest/oauth_handler.go:257.22,259.3 1 0
auth-service/internal/handler/rest/oauth_handler.go:261.2,267.47 3 7
auth-service/internal/handler/rest/oauth_handler.go:267.47,275.3 3 1
auth-service/internal/handler/rest/oauth_handler.go:277.2,283.43 2 6
auth-service/internal/handler/rest/oauth_handler.go:283.43,292.3 4 1
auth-service/internal/handler/rest/oauth_handler.go:297.2,315.33 7 5
auth-service/internal/handler/rest/oauth_handler.go:348.59,353.72 3 7
auth-service/internal/handler/rest/oauth_handler.go:353.72,354.64 1 7
auth-service/internal/handler/rest/oauth_handler.go:354.64,356.4 1 7
auth-service/internal/handler/rest/oauth_handler.go:360.2,360.22 1 7
auth-service/internal/handler/rest/oauth_handler.go:360.22,362.3 1 0
auth-service/internal/handler/rest/oauth_handler.go:364.2,370.47 3 7
auth-service/internal/handler/rest/oauth_handler.go:370.47,378.3 3 3
auth-service/internal/handler/rest/oauth_handler.go:380.2,397.37 7 4
auth-service/internal/handler/rest/oauth_handler.go:397.37,399.3 1 0
auth-service/internal/handler/rest/oauth_handler.go:399.8,401.3 1 4
auth-service/internal/handler/rest/oauth_handler.go:404.2,407.24 4 4
auth-service/internal/handler/rest/oauth_handler.go:407.24,409.3 1 2
auth-service/internal/handler/rest/oauth_handler.go:411.2,428.38 3 4
auth-service/internal/handler/rest/oauth_handler.go:444.59,449.72 3 7
auth-service/internal/handler/rest/oauth_handler.go:449.72,450.64 1 7
auth-service/internal/handler/rest/oauth_handler.go:450.64,452.4 1 7
auth-service/internal/handler/rest/oauth_handler.go:456.2,456.22 1 7
auth-service/internal/handler/rest/oauth_handler.go:456.22,458.3 1 0
auth-service/internal/handler/rest/oauth_handler.go:460.2,468.17 4 7
auth-service/internal/handler/rest/oauth_handler.go:468.17,476.3 3 1
auth-service/internal/handler/rest/oauth_handler.go:478.2,478.21 1 6
auth-service/internal/handler/rest/oauth_handler.go:478.21,486.3 3 1
auth-service/internal/handler/rest/oauth_handler.go:488.2,489.44 1 5
auth-service/internal/handler/rest/oauth_handler.go:489.44,490.24 1 5
auth-service/internal/handler/rest/oauth_handler.go:490.24,492.5 1 5
auth-service/internal/handler/rest/oauth_handler.go:493.4,493.24 1 0
auth-service/internal/handler/rest/oauth_handler.go:507.2,512.72 4 5
auth-service/internal/handler/rest/oauth_handler.go:512.72,521.3 4 2
auth-service/internal/handler/rest/oauth_handler.go:524.2,548.33 3 3
auth-service/internal/handler/rest/oauth_handler.go:564.55,569.72 3 6
auth-service/internal/handler/rest/oauth_handler.go:569.72,570.64 1 6
auth-service/internal/handler/rest/oauth_handler.go:570.64,572.4 1 6
auth-service/internal/handler/rest/oauth_handler.go:576.2,576.22 1 6
auth-service/internal/handler/rest/oauth_handler.go:576.22,578.3 1 0
auth-service/internal/handler/rest/oauth_handler.go:580.2,588.36 4 6
auth-service/internal/handler/rest/oauth_handler.go:588.36,596.3 3 3
auth-service/internal/handler/rest/oauth_handler.go:598.2,599.44 1 3
auth-service/internal/handler/rest/oauth_handler.go:599.44,600.24 1 3
auth-service/internal/handler/rest/oauth_handler.go:600.24,602.5 1 3
auth-service/internal/handler/rest/oauth_handler.go:603.4,603.24 1 0
auth-service/internal/handler/rest/oauth_handler.go:614.2,642.33 6 3
auth-service/internal/config/config.go:206.53,217.45 5 11
auth-service/internal/config/config.go:217.45,219.3 1 2
auth-service/internal/config/config.go:222.2,225.49 3 9
auth-service/internal/config/config.go:225.49,227.3 1 0
auth-service/internal/config/config.go:229.2,229.21 1 9
auth-service/internal/config/config.go:233.20,316.2 74 11
auth-service/internal/config/config.go:319.28,321.64 1 9
auth-service/internal/config/config.go:321.64,323.3 1 7
auth-service/internal/config/config.go:324.2,324.68 1 9
auth-service/internal/config/config.go:324.68,326.3 1 4
auth-service/internal/config/config.go:329.2,329.56 1 9
auth-service/internal/config/config.go:329.56,331.3 1 9
auth-service/internal/config/config.go:332.2,332.52 1 9
auth-service/internal/config/config.go:332.52,334.3 1 7
auth-service/internal/config/config.go:335.2,335.56 1 9
auth-service/internal/config/config.go:335.56,337.3 1 9
auth-service/internal/config/config.go:338.2,338.56 1 9
auth-service/internal/config/config.go:338.56,340.3 1 9
auth-service/internal/config/config.go:341.2,341.68 1 9
auth-service/internal/config/config.go:341.68,343.3 1 9
auth-service/internal/config/config.go:346.2,346.65 1 9
auth-service/internal/config/config.go:346.65,348.3 1 9
auth-service/internal/config/config.go:349.2,349.61 1 9
auth-service/internal/config/config.go:349.61,351.3 1 7
auth-service/internal/config/config.go:352.2,352.77 1 9
auth-service/internal/config/config.go:352.77,354.3 1 9
auth-service/internal/config/config.go:357.2,357.65 1 9
auth-service/internal/config/config.go:357.65,359.3 1 9
auth-service/internal/config/config.go:362.2,362.81 1 9
auth-service/internal/config/config.go:362.81,364.3 1 9
auth-service/internal/config/config.go:365.2,365.93 1 9
auth-service/internal/config/config.go:365.93,367.3 1 9
auth-service/internal/config/config.go:370.2,370.75 1 9
auth-service/internal/config/config.go:370.75,372.3 1 4
auth-service/internal/config/config.go:373.2,373.87 1 9
auth-service/internal/config/config.go:373.87,375.3 1 4
auth-service/internal/config/config.go:376.2,376.94 1 9
auth-service/internal/config/config.go:376.94,378.3 1 4
auth-service/internal/config/config.go:379.2,379.103 1 9
auth-service/internal/config/config.go:379.103,381.3 1 1
auth-service/internal/config/config.go:382.2,382.145 1 9
auth-service/internal/config/config.go:382.145,384.3 1 1
auth-service/internal/config/config.go:385.2,385.132 1 9
auth-service/internal/config/config.go:385.132,387.3 1 1
auth-service/internal/config/config.go:388.2,388.142 1 9
auth-service/internal/config/config.go:388.142,390.3 1 1
auth-service/internal/config/config.go:391.2,391.97 1 9
auth-service/internal/config/config.go:391.97,393.3 1 4
auth-service/internal/config/config.go:394.2,394.128 1 9
auth-service/internal/config/config.go:394.128,396.3 1 4
auth-service/internal/config/config.go:397.2,397.122 1 9
auth-service/internal/config/config.go:397.122,399.3 1 4
auth-service/internal/config/config.go:400.2,400.100 1 9
auth-service/internal/config/config.go:400.100,402.3 1 0
auth-service/internal/config/config.go:403.2,403.94 1 9
auth-service/internal/config/config.go:403.94,405.3 1 0
auth-service/internal/config/config.go:406.2,406.103 1 9
auth-service/internal/config/config.go:406.103,408.3 1 0
auth-service/internal/config/config.go:409.2,409.112 1 9
auth-service/internal/config/config.go:409.112,411.3 1 0
auth-service/internal/config/config.go:412.2,412.100 1 9
auth-service/internal/config/config.go:412.100,414.3 1 0
auth-service/internal/config/config.go:415.2,415.100 1 9
auth-service/internal/config/config.go:415.100,417.3 1 0
auth-service/internal/config/config.go:418.2,418.113 1 9
auth-service/internal/config/config.go:418.113,420.3 1 0
auth-service/internal/config/config.go:421.2,421.107 1 9
auth-service/internal/config/config.go:421.107,423.3 1 0
auth-service/internal/config/config.go:424.2,424.116 1 9
auth-service/internal/config/config.go:424.116,426.3 1 0
auth-service/internal/config/config.go:427.2,427.106 1 9
auth-service/internal/config/config.go:427.106,429.3 1 0
auth-service/internal/config/config.go:430.2,430.103 1 9
auth-service/internal/config/config.go:430.103,432.3 1 0
auth-service/internal/config/config.go:433.2,433.116 1 9
auth-service/internal/config/config.go:433.116,435.3 1 0
auth-service/internal/config/config.go:436.2,436.119 1 9
auth-service/internal/config/config.go:436.119,438.3 1 0
auth-service/internal/config/config.go:439.2,439.165 1 9
auth-service/internal/config/config.go:439.165,441.3 1 0
auth-service/internal/config/config.go:442.2,442.126 1 9
auth-service/internal/config/config.go:442.126,444.3 1 0
auth-service/internal/config/config.go:448.42,451.2 1 3
auth-service/internal/config/config.go:454.45,456.2 1 4
auth-service/internal/logger/logger.go:35.60,37.63 2 4
auth-service/internal/logger/logger.go:37.63,39.3 1 0
auth-service/internal/logger/logger.go:42.2,52.26 9 4
auth-service/internal/logger/logger.go:52.26,54.3 1 4
auth-service/internal/logger/logger.go:54.8,56.3 1 0
auth-service/internal/logger/logger.go:59.2,60.28 2 4
auth-service/internal/logger/logger.go:60.28,62.3 1 4
auth-service/internal/logger/logger.go:62.8,64.17 2 0
auth-service/internal/logger/logger.go:64.17,66.4 1 0
auth-service/internal/logger/logger.go:67.3,67.38 1 0
auth-service/internal/logger/logger.go:71.2,79.23 3 4
auth-service/internal/logger/logger.go:79.23,81.3 1 4
auth-service/internal/logger/logger.go:83.2,83.27 1 4
auth-service/internal/logger/logger.go:83.27,85.3 1 4
auth-service/internal/logger/logger.go:87.2,88.37 2 4
auth-service/internal/logger/logger.go:92.62,97.21 3 3
auth-service/internal/logger/logger.go:97.21,99.3 1 2
auth-service/internal/logger/logger.go:101.2,116.3 4 3
auth-service/internal/logger/logger.go:120.66,143.2 8 0
auth-service/internal/logger/logger.go:146.41,158.2 1 1
auth-service/internal/logger/logger.go:161.84,176.16 2 1
auth-service/internal/logger/logger.go:176.16,179.3 2 0
auth-service/internal/logger/logger.go:179.8,181.3 1 1
auth-service/internal/logger/logger.go:185.75,195.2 1 1
auth-service/internal/logger/logger.go:198.83,209.2 1 1
auth-service/internal/logger/logger.go:212.80,223.16 2 1
auth-service/internal/logger/logger.go:223.16,226.3 2 0
auth-service/internal/logger/logger.go:226.8,228.3 1 1
auth-service/internal/logger/logger.go:232.114,243.16 2 1
auth-service/internal/logger/logger.go:243.16,246.3 2 0
auth-service/internal/logger/logger.go:246.8,248.3 1 1
auth-service/internal/logger/logger.go:252.119,264.16 2 1
auth-service/internal/logger/logger.go:264.16,267.3 2 0
auth-service/internal/logger/logger.go:267.8,269.3 1 1
auth-service/internal/logger/logger.go:273.102,286.18 2 1
auth-service/internal/logger/logger.go:287.14,288.47 1 0
auth-service/internal/logger/logger.go:289.16,290.46 1 1
auth-service/internal/logger/logger.go:291.13,292.46 1 0
auth-service/internal/logger/logger.go:293.10,294.46 1 0
auth-service/internal/logger/logger.go:299.105,310.31 2 1
auth-service/internal/logger/logger.go:310.31,312.3 1 2
auth-service/internal/logger/logger.go:314.2,314.45 1 1
auth-service/internal/logger/logger.go:318.65,328.2 2 1
auth-service/internal/logger/logger.go:331.64,341.2 2 2
auth-service/internal/logger/logger.go:344.64,354.2 2 5
auth-service/internal/logger/logger.go:357.65,367.2 2 3
auth-service/internal/logger/logger.go:370.46,372.2 1 0
auth-service/internal/logger/logger.go:375.45,377.2 1 0
auth-service/internal/logger/logger.go:380.33,382.2 1 0
auth-service/internal/logger/logger.go:384.38,387.19 3 0
auth-service/internal/logger/logger.go:387.19,389.3 1 0
auth-service/internal/logger/logger.go:390.2,390.18 1 0
auth-service/internal/logger/logger.go:393.42,395.53 1 3
auth-service/internal/logger/logger.go:395.53,397.3 1 0
auth-service/internal/logger/logger.go:398.2,398.47 1 3
auth-service/internal/logger/logger.go:398.47,400.3 1 0
auth-service/internal/logger/logger.go:401.2,401.21 1 3
auth-service/internal/logger/logger.go:404.61,405.44 1 0
auth-service/internal/logger/logger.go:405.44,407.3 1 0
auth-service/internal/logger/logger.go:408.2,408.11 1 0
auth-service/internal/middleware/actuator_middleware.go:11.65,12.30 1 1
auth-service/internal/middleware/actuator_middleware.go:12.30,28.3 7 1
auth-service/internal/middleware/actuator_middleware.go:32.46,33.30 1 1
auth-service/internal/middleware/actuator_middleware.go:33.30,40.3 4 1
auth-service/internal/middleware/logging_middleware.go:13.60,14.30 1 0
auth-service/internal/middleware/logging_middleware.go:14.30,37.24 9 0
auth-service/internal/middleware/logging_middleware.go:37.24,39.4 1 0
auth-service/internal/middleware/logging_middleware.go:42.3,53.20 4 0
auth-service/internal/middleware/logging_middleware.go:53.20,59.4 1 0
auth-service/internal/middleware/logging_middleware.go:64.44,65.47 1 0
auth-service/internal/middleware/logging_middleware.go:65.47,67.3 1 0
auth-service/internal/middleware/logging_middleware.go:68.2,68.12 1 0
auth-service/internal/middleware/logging_middleware.go:72.62,77.2 2 0
auth-service/internal/middleware/rbac_middleware.go:11.82,12.30 1 9
auth-service/internal/middleware/rbac_middleware.go:12.30,15.37 3 11
auth-service/internal/middleware/rbac_middleware.go:15.37,18.4 2 2
auth-service/internal/middleware/rbac_middleware.go:19.3,20.17 2 9
auth-service/internal/middleware/rbac_middleware.go:20.17,23.4 2 1
auth-service/internal/middleware/rbac_middleware.go:24.3,24.15 1 8
auth-service/internal/middleware/rbac_middleware.go:24.15,27.4 2 4
auth-service/internal/middleware/rbac_middleware.go:28.3,28.11 1 4
auth-service/internal/tracing/tracing.go:39.65,49.34 7 7
auth-service/internal/tracing/tracing.go:49.34,53.3 3 0
auth-service/internal/tracing/tracing.go:56.2,56.19 1 7
auth-service/internal/tracing/tracing.go:56.19,58.3 1 7
auth-service/internal/tracing/tracing.go:60.2,60.18 1 7
auth-service/internal/tracing/tracing.go:60.18,62.3 1 7
auth-service/internal/tracing/tracing.go:63.2,63.18 1 7
auth-service/internal/tracing/tracing.go:63.18,65.3 1 4
auth-service/internal/tracing/tracing.go:67.2,70.19 2 7
auth-service/internal/tracing/tracing.go:70.19,72.3 1 1
auth-service/internal/tracing/tracing.go:75.2,75.18 1 7
auth-service/internal/tracing/tracing.go:75.18,77.3 1 0
auth-service/internal/tracing/tracing.go:79.2,84.3 1 7
auth-service/internal/tracing/tracing.go:88.56,90.59 1 7
auth-service/internal/tracing/tracing.go:90.59,92.3 1 2
auth-service/internal/tracing/tracing.go:95.2,95.71 1 5
auth-service/internal/tracing/tracing.go:95.71,97.3 1 1
auth-service/internal/tracing/tracing.go:100.2,100.68 1 4
auth-service/internal/tracing/tracing.go:100.68,102.3 1 1
auth-service/internal/tracing/tracing.go:105.2,105.56 1 3
auth-service/internal/tracing/tracing.go:105.56,107.3 1 2
auth-service/internal/tracing/tracing.go:109.2,109.11 1 1
auth-service/internal/tracing/tracing.go:113.55,114.56 1 7
auth-service/internal/tracing/tracing.go:114.56,116.3 1 2
auth-service/internal/tracing/tracing.go:119.2,119.71 1 5
auth-service/internal/tracing/tracing.go:119.71,121.3 1 1
auth-service/internal/tracing/tracing.go:123.2,123.11 1 4
auth-service/internal/tracing/tracing.go:128.51,130.29 2 5
auth-service/internal/tracing/tracing.go:130.29,131.39 1 5
auth-service/internal/tracing/tracing.go:131.39,136.4 2 3
auth-service/internal/tracing/tracing.go:138.2,138.11 1 2
auth-service/internal/tracing/tracing.go:142.50,144.29 2 4
auth-service/internal/tracing/tracing.go:144.29,145.41 1 7
auth-service/internal/tracing/tracing.go:145.41,147.4 1 2
auth-service/internal/tracing/tracing.go:149.2,149.11 1 2
auth-service/internal/tracing/tracing.go:154.58,156.20 2 5
auth-service/internal/tracing/tracing.go:156.20,158.3 1 5
auth-service/internal/tracing/tracing.go:159.2,159.11 1 0
auth-service/internal/tracing/tracing.go:163.31,167.2 1 4
auth-service/internal/tracing/tracing.go:170.30,173.2 1 7
auth-service/internal/tracing/tracing.go:176.40,179.16 3 11
auth-service/internal/tracing/tracing.go:179.16,182.24 2 0
auth-service/internal/tracing/tracing.go:182.24,184.4 1 0
auth-service/internal/tracing/tracing.go:186.2,186.14 1 11
auth-service/internal/tracing/tracing.go:190.73,194.2 3 1
auth-service/internal/tracing/tracing.go:197.107,205.2 3 1
auth-service/internal/tracing/tracing.go:208.66,214.2 3 1
auth-service/internal/tracing/tracing.go:217.63,221.2 2 1
auth-service/internal/tracing/tracing.go:224.72,228.19 3 2
auth-service/internal/tracing/tracing.go:228.19,230.3 1 1
auth-service/internal/tracing/tracing.go:231.2,231.18 1 2
auth-service/internal/tracing/tracing.go:231.18,233.3 1 1
auth-service/internal/tracing/tracing.go:235.2,239.3 1 2
