mode: atomic
auth-service/docs/docs.go:925.13,927.2 1 0
auth-service/internal/config/config.go:207.53,218.45 5 11
auth-service/internal/config/config.go:218.45,220.3 1 2
auth-service/internal/config/config.go:223.2,226.49 3 9
auth-service/internal/config/config.go:226.49,228.3 1 0
auth-service/internal/config/config.go:230.2,230.21 1 9
auth-service/internal/config/config.go:234.20,317.2 74 11
auth-service/internal/config/config.go:320.28,322.64 1 9
auth-service/internal/config/config.go:322.64,324.3 1 7
auth-service/internal/config/config.go:325.2,325.68 1 9
auth-service/internal/config/config.go:325.68,327.3 1 4
auth-service/internal/config/config.go:330.2,330.56 1 9
auth-service/internal/config/config.go:330.56,332.3 1 9
auth-service/internal/config/config.go:333.2,333.52 1 9
auth-service/internal/config/config.go:333.52,335.3 1 7
auth-service/internal/config/config.go:336.2,336.56 1 9
auth-service/internal/config/config.go:336.56,338.3 1 9
auth-service/internal/config/config.go:339.2,339.56 1 9
auth-service/internal/config/config.go:339.56,341.3 1 9
auth-service/internal/config/config.go:342.2,342.68 1 9
auth-service/internal/config/config.go:342.68,344.3 1 9
auth-service/internal/config/config.go:347.2,347.65 1 9
auth-service/internal/config/config.go:347.65,349.3 1 9
auth-service/internal/config/config.go:350.2,350.61 1 9
auth-service/internal/config/config.go:350.61,352.3 1 7
auth-service/internal/config/config.go:353.2,353.77 1 9
auth-service/internal/config/config.go:353.77,355.3 1 9
auth-service/internal/config/config.go:358.2,358.65 1 9
auth-service/internal/config/config.go:358.65,360.3 1 9
auth-service/internal/config/config.go:363.2,363.81 1 9
auth-service/internal/config/config.go:363.81,365.3 1 9
auth-service/internal/config/config.go:366.2,366.93 1 9
auth-service/internal/config/config.go:366.93,368.3 1 9
auth-service/internal/config/config.go:371.2,371.75 1 9
auth-service/internal/config/config.go:371.75,373.3 1 4
auth-service/internal/config/config.go:374.2,374.87 1 9
auth-service/internal/config/config.go:374.87,376.3 1 4
auth-service/internal/config/config.go:377.2,377.94 1 9
auth-service/internal/config/config.go:377.94,379.3 1 4
auth-service/internal/config/config.go:380.2,380.103 1 9
auth-service/internal/config/config.go:380.103,382.3 1 1
auth-service/internal/config/config.go:383.2,383.145 1 9
auth-service/internal/config/config.go:383.145,385.3 1 1
auth-service/internal/config/config.go:386.2,386.132 1 9
auth-service/internal/config/config.go:386.132,388.3 1 1
auth-service/internal/config/config.go:389.2,389.142 1 9
auth-service/internal/config/config.go:389.142,391.3 1 1
auth-service/internal/config/config.go:392.2,392.97 1 9
auth-service/internal/config/config.go:392.97,394.3 1 4
auth-service/internal/config/config.go:395.2,395.128 1 9
auth-service/internal/config/config.go:395.128,397.3 1 4
auth-service/internal/config/config.go:398.2,398.122 1 9
auth-service/internal/config/config.go:398.122,400.3 1 4
auth-service/internal/config/config.go:401.2,401.100 1 9
auth-service/internal/config/config.go:401.100,403.3 1 0
auth-service/internal/config/config.go:404.2,404.94 1 9
auth-service/internal/config/config.go:404.94,406.3 1 0
auth-service/internal/config/config.go:407.2,407.103 1 9
auth-service/internal/config/config.go:407.103,409.3 1 0
auth-service/internal/config/config.go:410.2,410.112 1 9
auth-service/internal/config/config.go:410.112,412.3 1 0
auth-service/internal/config/config.go:413.2,413.100 1 9
auth-service/internal/config/config.go:413.100,415.3 1 0
auth-service/internal/config/config.go:416.2,416.100 1 9
auth-service/internal/config/config.go:416.100,418.3 1 0
auth-service/internal/config/config.go:419.2,419.113 1 9
auth-service/internal/config/config.go:419.113,421.3 1 0
auth-service/internal/config/config.go:422.2,422.107 1 9
auth-service/internal/config/config.go:422.107,424.3 1 0
auth-service/internal/config/config.go:425.2,425.116 1 9
auth-service/internal/config/config.go:425.116,427.3 1 0
auth-service/internal/config/config.go:428.2,428.106 1 9
auth-service/internal/config/config.go:428.106,430.3 1 0
auth-service/internal/config/config.go:431.2,431.103 1 9
auth-service/internal/config/config.go:431.103,433.3 1 0
auth-service/internal/config/config.go:434.2,434.116 1 9
auth-service/internal/config/config.go:434.116,436.3 1 0
auth-service/internal/config/config.go:437.2,437.119 1 9
auth-service/internal/config/config.go:437.119,439.3 1 0
auth-service/internal/config/config.go:440.2,440.165 1 9
auth-service/internal/config/config.go:440.165,442.3 1 0
auth-service/internal/config/config.go:443.2,443.126 1 9
auth-service/internal/config/config.go:443.126,445.3 1 0
auth-service/internal/config/config.go:449.42,452.2 1 3
auth-service/internal/config/config.go:455.45,457.2 1 4
auth-service/internal/config/service_config.go:43.44,72.2 1 0
auth-service/internal/config/service_config.go:75.92,81.51 1 0
auth-service/internal/config/service_config.go:81.51,82.25 1 0
auth-service/internal/config/service_config.go:83.23,84.54 1 0
auth-service/internal/config/service_config.go:85.17,86.48 1 0
auth-service/internal/config/service_config.go:87.12,88.54 1 0
auth-service/internal/config/service_config.go:93.2,93.21 1 0
auth-service/internal/config/service_config.go:93.21,94.88 1 0
auth-service/internal/config/service_config.go:94.89,97.4 0 0
auth-service/internal/config/service_config.go:100.2,100.46 1 0
auth-service/cmd/server/main.go:66.65,67.30 1 24
auth-service/cmd/server/main.go:67.30,69.33 2 32
auth-service/cmd/server/main.go:69.33,70.39 1 55
auth-service/cmd/server/main.go:70.39,73.5 2 16
auth-service/cmd/server/main.go:75.3,75.97 1 16
auth-service/cmd/server/main.go:79.13,82.16 2 0
auth-service/cmd/server/main.go:82.16,84.3 1 0
auth-service/cmd/server/main.go:86.2,90.16 3 0
auth-service/cmd/server/main.go:90.16,92.3 1 0
auth-service/cmd/server/main.go:95.2,146.2 16 0
auth-service/cmd/server/main.go:146.2,160.3 12 0
auth-service/cmd/server/main.go:163.2,177.36 11 0
auth-service/cmd/server/main.go:177.36,180.3 2 0
auth-service/docs/docs.go:925.13,927.2 1 1
auth-service/internal/middleware/actuator_middleware.go:11.65,12.30 1 1
auth-service/internal/middleware/actuator_middleware.go:12.30,28.3 7 1
auth-service/internal/middleware/actuator_middleware.go:32.46,33.30 1 1
auth-service/internal/middleware/actuator_middleware.go:33.30,40.3 4 1
auth-service/internal/middleware/logging_middleware.go:13.60,14.30 1 0
auth-service/internal/middleware/logging_middleware.go:14.30,37.24 9 0
auth-service/internal/middleware/logging_middleware.go:37.24,39.4 1 0
auth-service/internal/middleware/logging_middleware.go:42.3,53.20 4 0
auth-service/internal/middleware/logging_middleware.go:53.20,59.4 1 0
auth-service/internal/middleware/logging_middleware.go:64.44,65.47 1 0
auth-service/internal/middleware/logging_middleware.go:65.47,67.3 1 0
auth-service/internal/middleware/logging_middleware.go:68.2,68.12 1 0
auth-service/internal/middleware/logging_middleware.go:72.62,77.2 2 0
auth-service/internal/middleware/rbac_middleware.go:11.82,12.30 1 9
auth-service/internal/middleware/rbac_middleware.go:12.30,15.37 3 11
auth-service/internal/middleware/rbac_middleware.go:15.37,18.4 2 2
auth-service/internal/middleware/rbac_middleware.go:19.3,20.17 2 9
auth-service/internal/middleware/rbac_middleware.go:20.17,23.4 2 1
auth-service/internal/middleware/rbac_middleware.go:24.3,24.15 1 8
auth-service/internal/middleware/rbac_middleware.go:24.15,27.4 2 4
auth-service/internal/middleware/rbac_middleware.go:28.3,28.11 1 4
auth-service/internal/middleware/tenant_middleware.go:13.76,14.30 1 0
auth-service/internal/middleware/tenant_middleware.go:14.30,18.21 2 0
auth-service/internal/middleware/tenant_middleware.go:18.21,24.4 2 0
auth-service/internal/middleware/tenant_middleware.go:27.3,28.24 2 0
auth-service/internal/middleware/tenant_middleware.go:28.24,31.18 2 0
auth-service/internal/middleware/tenant_middleware.go:31.18,37.5 2 0
auth-service/internal/middleware/tenant_middleware.go:40.4,40.34 1 0
auth-service/internal/middleware/tenant_middleware.go:40.34,46.5 2 0
auth-service/internal/middleware/tenant_middleware.go:49.4,49.32 1 0
auth-service/internal/middleware/tenant_middleware.go:53.3,53.91 1 0
auth-service/internal/middleware/tenant_middleware.go:53.91,59.4 2 0
auth-service/internal/middleware/tenant_middleware.go:62.3,63.17 2 0
auth-service/internal/middleware/tenant_middleware.go:63.17,69.4 2 0
auth-service/internal/middleware/tenant_middleware.go:72.3,75.11 3 0
auth-service/internal/middleware/tenant_middleware.go:80.45,82.69 1 0
auth-service/internal/middleware/tenant_middleware.go:82.69,85.21 2 0
auth-service/internal/middleware/tenant_middleware.go:85.21,87.4 1 0
auth-service/internal/middleware/tenant_middleware.go:91.2,91.66 1 0
auth-service/internal/middleware/tenant_middleware.go:91.66,92.47 1 0
auth-service/internal/middleware/tenant_middleware.go:92.47,97.22 3 0
auth-service/internal/middleware/tenant_middleware.go:97.22,99.5 1 0
auth-service/internal/middleware/tenant_middleware.go:104.2,104.60 1 0
auth-service/internal/middleware/tenant_middleware.go:104.60,106.3 1 0
auth-service/internal/middleware/tenant_middleware.go:109.2,109.74 1 0
auth-service/internal/middleware/tenant_middleware.go:109.74,111.3 1 0
auth-service/internal/middleware/tenant_middleware.go:114.2,114.54 1 0
auth-service/internal/middleware/tenant_middleware.go:114.54,116.3 1 0
auth-service/internal/middleware/tenant_middleware.go:119.2,119.61 1 0
auth-service/internal/middleware/tenant_middleware.go:119.61,122.49 2 0
auth-service/internal/middleware/tenant_middleware.go:122.49,123.72 1 0
auth-service/internal/middleware/tenant_middleware.go:123.72,125.5 1 0
auth-service/internal/middleware/tenant_middleware.go:136.2,136.11 1 0
auth-service/internal/middleware/tenant_middleware.go:140.54,143.16 2 0
auth-service/internal/middleware/tenant_middleware.go:143.16,145.3 1 0
auth-service/internal/middleware/tenant_middleware.go:148.2,149.9 2 0
auth-service/internal/middleware/tenant_middleware.go:149.9,151.3 1 0
auth-service/internal/middleware/tenant_middleware.go:154.2,154.75 1 0
auth-service/internal/middleware/tenant_middleware.go:154.75,155.73 1 0
auth-service/internal/middleware/tenant_middleware.go:155.73,157.4 1 0
auth-service/internal/middleware/tenant_middleware.go:161.2,161.72 1 0
auth-service/internal/middleware/tenant_middleware.go:161.72,163.3 1 0
auth-service/internal/middleware/tenant_middleware.go:165.2,165.11 1 0
auth-service/internal/middleware/tenant_middleware.go:169.44,170.47 1 0
auth-service/internal/middleware/tenant_middleware.go:170.47,172.3 1 0
auth-service/internal/middleware/tenant_middleware.go:173.2,173.12 1 0
auth-service/internal/middleware/tenant_middleware.go:177.41,178.52 1 0
auth-service/internal/middleware/tenant_middleware.go:178.52,179.38 1 0
auth-service/internal/middleware/tenant_middleware.go:179.38,181.4 1 0
auth-service/internal/middleware/tenant_middleware.go:183.2,183.11 1 0
auth-service/internal/middleware/tenant_middleware.go:187.49,188.52 1 0
auth-service/internal/middleware/tenant_middleware.go:188.52,190.3 1 0
auth-service/internal/middleware/tenant_middleware.go:191.2,191.12 1 0
auth-service/internal/middleware/tenant_middleware.go:195.61,196.30 1 0
auth-service/internal/middleware/tenant_middleware.go:196.30,198.29 2 0
auth-service/internal/middleware/tenant_middleware.go:198.29,204.4 2 0
auth-service/internal/middleware/tenant_middleware.go:216.3,216.11 1 0
auth-service/internal/middleware/tenant_middleware.go:221.67,222.30 1 0
auth-service/internal/middleware/tenant_middleware.go:222.30,224.29 2 0
auth-service/internal/middleware/tenant_middleware.go:224.29,230.4 2 0
auth-service/internal/middleware/tenant_middleware.go:249.3,249.11 1 0
auth-service/internal/models/errors.go:84.35,86.2 1 0
auth-service/internal/models/errors.go:89.97,96.2 1 0
auth-service/internal/models/errors.go:187.60,188.48 1 0
auth-service/internal/models/errors.go:188.48,190.3 1 0
auth-service/internal/models/errors.go:192.2,192.75 1 0
auth-service/internal/models/errors.go:196.63,200.22 3 0
auth-service/internal/models/errors.go:200.22,202.3 1 0
auth-service/internal/models/errors.go:204.2,204.17 1 0
auth-service/internal/models/errors.go:223.60,224.53 1 0
auth-service/internal/models/errors.go:224.53,226.3 1 0
auth-service/internal/models/errors.go:227.2,227.22 1 0
auth-service/internal/models/errors.go:231.31,233.38 2 0
auth-service/internal/models/errors.go:233.38,235.3 1 0
auth-service/internal/models/errors.go:236.2,236.17 1 0
auth-service/internal/logger/logger.go:35.60,37.63 2 4
auth-service/internal/logger/logger.go:37.63,39.3 1 0
auth-service/internal/logger/logger.go:42.2,52.26 9 4
auth-service/internal/logger/logger.go:52.26,54.3 1 4
auth-service/internal/logger/logger.go:54.8,56.3 1 0
auth-service/internal/logger/logger.go:59.2,60.28 2 4
auth-service/internal/logger/logger.go:60.28,62.3 1 4
auth-service/internal/logger/logger.go:62.8,64.17 2 0
auth-service/internal/logger/logger.go:64.17,66.4 1 0
auth-service/internal/logger/logger.go:67.3,67.38 1 0
auth-service/internal/logger/logger.go:71.2,79.23 3 4
auth-service/internal/logger/logger.go:79.23,81.3 1 4
auth-service/internal/logger/logger.go:83.2,83.27 1 4
auth-service/internal/logger/logger.go:83.27,85.3 1 4
auth-service/internal/logger/logger.go:87.2,88.37 2 4
auth-service/internal/logger/logger.go:92.62,97.21 3 3
auth-service/internal/logger/logger.go:97.21,99.3 1 2
auth-service/internal/logger/logger.go:101.2,116.3 4 3
auth-service/internal/logger/logger.go:120.66,143.2 8 0
auth-service/internal/logger/logger.go:146.41,158.2 1 1
auth-service/internal/logger/logger.go:161.84,176.16 2 1
auth-service/internal/logger/logger.go:176.16,179.3 2 0
auth-service/internal/logger/logger.go:179.8,181.3 1 1
auth-service/internal/logger/logger.go:185.75,195.2 1 1
auth-service/internal/logger/logger.go:198.83,209.2 1 1
auth-service/internal/logger/logger.go:212.80,223.16 2 1
auth-service/internal/logger/logger.go:223.16,226.3 2 0
auth-service/internal/logger/logger.go:226.8,228.3 1 1
auth-service/internal/logger/logger.go:232.114,243.16 2 1
auth-service/internal/logger/logger.go:243.16,246.3 2 0
auth-service/internal/logger/logger.go:246.8,248.3 1 1
auth-service/internal/logger/logger.go:252.119,264.16 2 1
auth-service/internal/logger/logger.go:264.16,267.3 2 0
auth-service/internal/logger/logger.go:267.8,269.3 1 1
auth-service/internal/logger/logger.go:273.102,286.18 2 1
auth-service/internal/logger/logger.go:287.14,288.47 1 0
auth-service/internal/logger/logger.go:289.16,290.46 1 1
auth-service/internal/logger/logger.go:291.13,292.46 1 0
auth-service/internal/logger/logger.go:293.10,294.46 1 0
auth-service/internal/logger/logger.go:299.105,310.31 2 1
auth-service/internal/logger/logger.go:310.31,312.3 1 2
auth-service/internal/logger/logger.go:314.2,314.45 1 1
auth-service/internal/logger/logger.go:318.65,328.2 2 1
auth-service/internal/logger/logger.go:331.64,341.2 2 2
auth-service/internal/logger/logger.go:344.64,354.2 2 5
auth-service/internal/logger/logger.go:357.65,367.2 2 3
auth-service/internal/logger/logger.go:370.46,372.2 1 0
auth-service/internal/logger/logger.go:375.45,377.2 1 0
auth-service/internal/logger/logger.go:380.33,382.2 1 0
auth-service/internal/logger/logger.go:384.38,387.19 3 0
auth-service/internal/logger/logger.go:387.19,389.3 1 0
auth-service/internal/logger/logger.go:390.2,390.18 1 0
auth-service/internal/logger/logger.go:393.42,395.53 1 3
auth-service/internal/logger/logger.go:395.53,397.3 1 0
auth-service/internal/logger/logger.go:398.2,398.47 1 3
auth-service/internal/logger/logger.go:398.47,400.3 1 0
auth-service/internal/logger/logger.go:401.2,401.21 1 3
auth-service/internal/logger/logger.go:404.61,405.44 1 0
auth-service/internal/logger/logger.go:405.44,407.3 1 0
auth-service/internal/logger/logger.go:408.2,408.11 1 0
auth-service/internal/handler/rest/auth_handler.go:22.54,25.16 2 12
auth-service/internal/handler/rest/auth_handler.go:25.16,28.3 1 0
auth-service/internal/handler/rest/auth_handler.go:30.2,33.3 1 12
auth-service/internal/handler/rest/auth_handler.go:79.45,84.72 3 4
auth-service/internal/handler/rest/auth_handler.go:84.72,85.64 1 4
auth-service/internal/handler/rest/auth_handler.go:85.64,87.4 1 4
auth-service/internal/handler/rest/auth_handler.go:91.2,91.22 1 4
auth-service/internal/handler/rest/auth_handler.go:91.22,93.3 1 0
auth-service/internal/handler/rest/auth_handler.go:95.2,101.47 3 4
auth-service/internal/handler/rest/auth_handler.go:101.47,110.3 4 3
auth-service/internal/handler/rest/auth_handler.go:113.2,114.28 2 1
auth-service/internal/handler/rest/auth_handler.go:114.28,121.3 3 1
auth-service/internal/handler/rest/auth_handler.go:123.2,124.9 2 0
auth-service/internal/handler/rest/auth_handler.go:124.9,131.3 3 0
auth-service/internal/handler/rest/auth_handler.go:134.2,135.20 2 0
auth-service/internal/handler/rest/auth_handler.go:135.20,137.3 1 0
auth-service/internal/handler/rest/auth_handler.go:140.2,140.27 1 0
auth-service/internal/handler/rest/auth_handler.go:140.27,147.3 3 0
auth-service/internal/handler/rest/auth_handler.go:149.2,195.33 11 0
auth-service/internal/handler/rest/auth_handler.go:219.48,224.72 3 4
auth-service/internal/handler/rest/auth_handler.go:224.72,225.64 1 4
auth-service/internal/handler/rest/auth_handler.go:225.64,227.4 1 4
auth-service/internal/handler/rest/auth_handler.go:231.2,231.22 1 4
auth-service/internal/handler/rest/auth_handler.go:231.22,233.3 1 0
auth-service/internal/handler/rest/auth_handler.go:235.2,241.47 3 4
auth-service/internal/handler/rest/auth_handler.go:241.47,249.3 3 3
auth-service/internal/handler/rest/auth_handler.go:251.2,287.34 10 1
auth-service/internal/handler/rest/auth_handler.go:307.52,312.72 3 2
auth-service/internal/handler/rest/auth_handler.go:312.72,313.64 1 2
auth-service/internal/handler/rest/auth_handler.go:313.64,315.4 1 2
auth-service/internal/handler/rest/auth_handler.go:319.2,319.22 1 2
auth-service/internal/handler/rest/auth_handler.go:319.22,321.3 1 0
auth-service/internal/handler/rest/auth_handler.go:323.2,329.47 3 2
auth-service/internal/handler/rest/auth_handler.go:329.47,337.3 3 1
auth-service/internal/handler/rest/auth_handler.go:339.2,370.33 7 1
auth-service/internal/handler/rest/auth_handler.go:384.46,389.72 3 1
auth-service/internal/handler/rest/auth_handler.go:389.72,390.64 1 1
auth-service/internal/handler/rest/auth_handler.go:390.64,392.4 1 1
auth-service/internal/handler/rest/auth_handler.go:396.2,396.22 1 1
auth-service/internal/handler/rest/auth_handler.go:396.22,398.3 1 0
auth-service/internal/handler/rest/auth_handler.go:400.2,419.4 6 1
auth-service/internal/handler/rest/mfa_handler.go:19.86,24.2 1 0
auth-service/internal/handler/rest/mfa_handler.go:27.47,29.47 2 0
auth-service/internal/handler/rest/mfa_handler.go:29.47,33.3 3 0
auth-service/internal/handler/rest/mfa_handler.go:35.2,36.16 2 0
auth-service/internal/handler/rest/mfa_handler.go:36.16,40.3 3 0
auth-service/internal/handler/rest/mfa_handler.go:43.2,44.16 2 0
auth-service/internal/handler/rest/mfa_handler.go:44.16,48.3 3 0
auth-service/internal/handler/rest/mfa_handler.go:50.2,51.16 2 0
auth-service/internal/handler/rest/mfa_handler.go:51.16,55.3 3 0
auth-service/internal/handler/rest/mfa_handler.go:58.2,63.4 1 0
auth-service/internal/handler/rest/mfa_handler.go:67.48,69.47 2 0
auth-service/internal/handler/rest/mfa_handler.go:69.47,73.3 3 0
auth-service/internal/handler/rest/mfa_handler.go:76.2,78.26 3 0
auth-service/internal/handler/rest/mfa_handler.go:78.26,82.3 3 0
auth-service/internal/handler/rest/mfa_handler.go:84.2,84.70 1 0
auth-service/internal/handler/rest/mfa_handler.go:88.41,91.2 1 0
auth-service/internal/handler/rest/oauth_handler.go:23.56,26.16 2 35
auth-service/internal/handler/rest/oauth_handler.go:26.16,29.3 1 35
auth-service/internal/handler/rest/oauth_handler.go:31.2,34.3 1 35
auth-service/internal/handler/rest/oauth_handler.go:49.52,54.72 3 5
auth-service/internal/handler/rest/oauth_handler.go:54.72,55.64 1 5
auth-service/internal/handler/rest/oauth_handler.go:55.64,57.4 1 5
auth-service/internal/handler/rest/oauth_handler.go:61.2,61.22 1 5
auth-service/internal/handler/rest/oauth_handler.go:61.22,63.3 1 0
auth-service/internal/handler/rest/oauth_handler.go:65.2,73.20 4 5
auth-service/internal/handler/rest/oauth_handler.go:73.20,82.3 4 1
auth-service/internal/handler/rest/oauth_handler.go:84.2,91.23 3 4
auth-service/internal/handler/rest/oauth_handler.go:91.23,93.3 1 1
auth-service/internal/handler/rest/oauth_handler.go:97.2,110.4 4 4
auth-service/internal/handler/rest/oauth_handler.go:127.55,132.72 3 7
auth-service/internal/handler/rest/oauth_handler.go:132.72,133.64 1 7
auth-service/internal/handler/rest/oauth_handler.go:133.64,135.4 1 7
auth-service/internal/handler/rest/oauth_handler.go:139.2,139.22 1 7
auth-service/internal/handler/rest/oauth_handler.go:139.22,141.3 1 0
auth-service/internal/handler/rest/oauth_handler.go:143.2,152.22 5 7
auth-service/internal/handler/rest/oauth_handler.go:152.22,161.3 4 2
auth-service/internal/handler/rest/oauth_handler.go:163.2,163.16 1 5
auth-service/internal/handler/rest/oauth_handler.go:163.16,172.3 4 1
auth-service/internal/handler/rest/oauth_handler.go:174.2,176.43 1 4
auth-service/internal/handler/rest/oauth_handler.go:176.43,177.23 1 4
auth-service/internal/handler/rest/oauth_handler.go:177.23,179.5 1 3
auth-service/internal/handler/rest/oauth_handler.go:180.4,180.23 1 1
auth-service/internal/handler/rest/oauth_handler.go:187.2,214.33 8 4
auth-service/internal/handler/rest/oauth_handler.go:245.58,250.72 3 7
auth-service/internal/handler/rest/oauth_handler.go:250.72,251.64 1 7
auth-service/internal/handler/rest/oauth_handler.go:251.64,253.4 1 7
auth-service/internal/handler/rest/oauth_handler.go:257.2,257.22 1 7
auth-service/internal/handler/rest/oauth_handler.go:257.22,259.3 1 0
auth-service/internal/handler/rest/oauth_handler.go:261.2,267.47 3 7
auth-service/internal/handler/rest/oauth_handler.go:267.47,275.3 3 1
auth-service/internal/handler/rest/oauth_handler.go:277.2,283.43 2 6
auth-service/internal/handler/rest/oauth_handler.go:283.43,292.3 4 1
auth-service/internal/handler/rest/oauth_handler.go:297.2,315.33 7 5
auth-service/internal/handler/rest/oauth_handler.go:348.59,353.72 3 7
auth-service/internal/handler/rest/oauth_handler.go:353.72,354.64 1 7
auth-service/internal/handler/rest/oauth_handler.go:354.64,356.4 1 7
auth-service/internal/handler/rest/oauth_handler.go:360.2,360.22 1 7
auth-service/internal/handler/rest/oauth_handler.go:360.22,362.3 1 0
auth-service/internal/handler/rest/oauth_handler.go:364.2,370.47 3 7
auth-service/internal/handler/rest/oauth_handler.go:370.47,378.3 3 3
auth-service/internal/handler/rest/oauth_handler.go:380.2,397.37 7 4
auth-service/internal/handler/rest/oauth_handler.go:397.37,399.3 1 0
auth-service/internal/handler/rest/oauth_handler.go:399.8,401.3 1 4
auth-service/internal/handler/rest/oauth_handler.go:404.2,407.24 4 4
auth-service/internal/handler/rest/oauth_handler.go:407.24,409.3 1 2
auth-service/internal/handler/rest/oauth_handler.go:411.2,428.38 3 4
auth-service/internal/handler/rest/oauth_handler.go:444.59,449.72 3 7
auth-service/internal/handler/rest/oauth_handler.go:449.72,450.64 1 7
auth-service/internal/handler/rest/oauth_handler.go:450.64,452.4 1 7
auth-service/internal/handler/rest/oauth_handler.go:456.2,456.22 1 7
auth-service/internal/handler/rest/oauth_handler.go:456.22,458.3 1 0
auth-service/internal/handler/rest/oauth_handler.go:460.2,468.17 4 7
auth-service/internal/handler/rest/oauth_handler.go:468.17,476.3 3 1
auth-service/internal/handler/rest/oauth_handler.go:478.2,478.21 1 6
auth-service/internal/handler/rest/oauth_handler.go:478.21,486.3 3 1
auth-service/internal/handler/rest/oauth_handler.go:488.2,489.44 1 5
auth-service/internal/handler/rest/oauth_handler.go:489.44,490.24 1 5
auth-service/internal/handler/rest/oauth_handler.go:490.24,492.5 1 5
auth-service/internal/handler/rest/oauth_handler.go:493.4,493.24 1 0
auth-service/internal/handler/rest/oauth_handler.go:507.2,512.72 4 5
auth-service/internal/handler/rest/oauth_handler.go:512.72,521.3 4 2
auth-service/internal/handler/rest/oauth_handler.go:524.2,548.33 3 3
auth-service/internal/handler/rest/oauth_handler.go:564.55,569.72 3 6
auth-service/internal/handler/rest/oauth_handler.go:569.72,570.64 1 6
auth-service/internal/handler/rest/oauth_handler.go:570.64,572.4 1 6
auth-service/internal/handler/rest/oauth_handler.go:576.2,576.22 1 6
auth-service/internal/handler/rest/oauth_handler.go:576.22,578.3 1 0
auth-service/internal/handler/rest/oauth_handler.go:580.2,588.36 4 6
auth-service/internal/handler/rest/oauth_handler.go:588.36,596.3 3 3
auth-service/internal/handler/rest/oauth_handler.go:598.2,599.44 1 3
auth-service/internal/handler/rest/oauth_handler.go:599.44,600.24 1 3
auth-service/internal/handler/rest/oauth_handler.go:600.24,602.5 1 3
auth-service/internal/handler/rest/oauth_handler.go:603.4,603.24 1 0
auth-service/internal/handler/rest/oauth_handler.go:614.2,642.33 6 3
auth-service/internal/handler/rest/otp_handler.go:19.86,24.2 1 0
auth-service/internal/handler/rest/otp_handler.go:38.49,40.47 2 0
auth-service/internal/handler/rest/otp_handler.go:40.47,47.3 3 0
auth-service/internal/handler/rest/otp_handler.go:50.2,51.16 2 0
auth-service/internal/handler/rest/otp_handler.go:51.16,58.3 3 0
auth-service/internal/handler/rest/otp_handler.go:61.2,62.16 2 0
auth-service/internal/handler/rest/otp_handler.go:62.16,69.3 3 0
auth-service/internal/handler/rest/otp_handler.go:71.2,76.33 2 0
auth-service/internal/handler/rest/otp_handler.go:91.48,93.47 2 0
auth-service/internal/handler/rest/otp_handler.go:93.47,100.3 3 0
auth-service/internal/handler/rest/otp_handler.go:103.2,104.16 2 0
auth-service/internal/handler/rest/otp_handler.go:104.16,111.3 3 0
auth-service/internal/handler/rest/otp_handler.go:113.2,113.12 1 0
auth-service/internal/handler/rest/otp_handler.go:113.12,122.3 3 0
auth-service/internal/handler/rest/otp_handler.go:126.2,154.33 4 0
auth-service/internal/handler/rest/otp_handler.go:168.51,170.20 2 0
auth-service/internal/handler/rest/otp_handler.go:170.20,176.3 2 0
auth-service/internal/handler/rest/otp_handler.go:178.2,179.16 2 0
auth-service/internal/handler/rest/otp_handler.go:179.16,186.3 3 0
auth-service/internal/handler/rest/otp_handler.go:188.2,188.31 1 0
auth-service/internal/handler/rest/otp_handler.go:202.58,204.48 2 0
auth-service/internal/handler/rest/otp_handler.go:204.48,211.3 3 0
auth-service/internal/handler/rest/otp_handler.go:214.2,215.16 2 0
auth-service/internal/handler/rest/otp_handler.go:215.16,222.3 3 0
auth-service/internal/handler/rest/otp_handler.go:225.2,225.30 1 0
auth-service/internal/handler/rest/otp_handler.go:226.31,227.29 1 0
auth-service/internal/handler/rest/otp_handler.go:227.29,233.4 2 0
auth-service/internal/handler/rest/otp_handler.go:234.29,235.27 1 0
auth-service/internal/handler/rest/otp_handler.go:235.27,241.4 2 0
auth-service/internal/handler/rest/otp_handler.go:245.2,246.16 2 0
auth-service/internal/handler/rest/otp_handler.go:246.16,253.3 3 0
auth-service/internal/handler/rest/otp_handler.go:255.2,260.29 2 0
auth-service/internal/handler/rest/otp_handler.go:274.54,276.20 2 0
auth-service/internal/handler/rest/otp_handler.go:276.20,282.3 2 0
auth-service/internal/handler/rest/otp_handler.go:284.2,285.16 2 0
auth-service/internal/handler/rest/otp_handler.go:285.16,292.3 3 0
auth-service/internal/handler/rest/otp_handler.go:294.2,299.34 2 0
auth-service/internal/handler/rest/tenant_auth_handler.go:21.106,26.2 1 0
auth-service/internal/handler/rest/tenant_auth_handler.go:40.64,42.47 2 0
auth-service/internal/handler/rest/tenant_auth_handler.go:42.47,49.3 3 0
auth-service/internal/handler/rest/tenant_auth_handler.go:52.2,52.43 1 0
auth-service/internal/handler/rest/tenant_auth_handler.go:52.43,59.3 3 0
auth-service/internal/handler/rest/tenant_auth_handler.go:62.2,63.16 2 0
auth-service/internal/handler/rest/tenant_auth_handler.go:63.16,72.3 3 0
auth-service/internal/handler/rest/tenant_auth_handler.go:74.2,77.33 2 0
auth-service/internal/handler/rest/tenant_auth_handler.go:91.64,96.47 2 0
auth-service/internal/handler/rest/tenant_auth_handler.go:96.47,103.3 3 0
auth-service/internal/handler/rest/tenant_auth_handler.go:106.2,107.16 2 0
auth-service/internal/handler/rest/tenant_auth_handler.go:107.16,114.3 3 0
auth-service/internal/handler/rest/tenant_auth_handler.go:116.2,117.33 2 0
auth-service/internal/handler/rest/tenant_auth_handler.go:131.63,136.47 2 0
auth-service/internal/handler/rest/tenant_auth_handler.go:136.47,143.3 3 0
auth-service/internal/handler/rest/tenant_auth_handler.go:146.2,147.16 2 0
auth-service/internal/handler/rest/tenant_auth_handler.go:147.16,154.3 3 0
auth-service/internal/handler/rest/tenant_auth_handler.go:156.2,159.4 2 0
auth-service/internal/handler/rest/tenant_auth_handler.go:173.65,178.47 2 0
auth-service/internal/handler/rest/tenant_auth_handler.go:178.47,185.3 3 0
auth-service/internal/handler/rest/tenant_auth_handler.go:188.2,189.16 2 0
auth-service/internal/handler/rest/tenant_auth_handler.go:189.16,196.3 3 0
auth-service/internal/handler/rest/tenant_auth_handler.go:198.2,199.30 2 0
auth-service/internal/handler/rest/tenant_auth_handler.go:213.59,216.28 2 0
auth-service/internal/handler/rest/tenant_auth_handler.go:216.28,223.3 3 0
auth-service/internal/handler/rest/tenant_auth_handler.go:225.2,226.9 2 0
auth-service/internal/handler/rest/tenant_auth_handler.go:226.9,233.3 3 0
auth-service/internal/handler/rest/tenant_auth_handler.go:236.2,241.31 5 0
auth-service/internal/handler/rest/tenant_handler.go:24.95,27.16 2 0
auth-service/internal/handler/rest/tenant_handler.go:27.16,30.3 1 0
auth-service/internal/handler/rest/tenant_handler.go:32.2,35.3 1 0
auth-service/internal/handler/rest/tenant_handler.go:91.54,96.72 3 0
auth-service/internal/handler/rest/tenant_handler.go:96.72,97.64 1 0
auth-service/internal/handler/rest/tenant_handler.go:97.64,99.4 1 0
auth-service/internal/handler/rest/tenant_handler.go:103.2,103.22 1 0
auth-service/internal/handler/rest/tenant_handler.go:103.22,105.3 1 0
auth-service/internal/handler/rest/tenant_handler.go:107.2,113.47 3 0
auth-service/internal/handler/rest/tenant_handler.go:113.47,121.3 3 0
auth-service/internal/handler/rest/tenant_handler.go:123.2,138.82 3 0
auth-service/internal/handler/rest/tenant_handler.go:138.82,146.3 3 0
auth-service/internal/handler/rest/tenant_handler.go:149.2,170.38 3 0
auth-service/internal/handler/rest/tenant_handler.go:184.51,186.20 2 0
auth-service/internal/handler/rest/tenant_handler.go:186.20,192.3 2 0
auth-service/internal/handler/rest/tenant_handler.go:195.2,196.16 2 0
auth-service/internal/handler/rest/tenant_handler.go:196.16,202.3 2 0
auth-service/internal/handler/rest/tenant_handler.go:205.2,218.33 2 0
auth-service/internal/handler/rest/tenant_handler.go:234.54,236.20 2 0
auth-service/internal/handler/rest/tenant_handler.go:236.20,242.3 2 0
auth-service/internal/handler/rest/tenant_handler.go:244.2,245.47 2 0
auth-service/internal/handler/rest/tenant_handler.go:245.47,251.3 2 0
auth-service/internal/handler/rest/tenant_handler.go:254.2,255.16 2 0
auth-service/internal/handler/rest/tenant_handler.go:255.16,261.3 2 0
auth-service/internal/handler/rest/tenant_handler.go:264.2,264.20 1 0
auth-service/internal/handler/rest/tenant_handler.go:264.20,266.3 1 0
auth-service/internal/handler/rest/tenant_handler.go:267.2,267.22 1 0
auth-service/internal/handler/rest/tenant_handler.go:267.22,269.3 1 0
auth-service/internal/handler/rest/tenant_handler.go:270.2,270.20 1 0
auth-service/internal/handler/rest/tenant_handler.go:270.20,272.3 1 0
auth-service/internal/handler/rest/tenant_handler.go:273.2,273.22 1 0
auth-service/internal/handler/rest/tenant_handler.go:273.22,275.3 1 0
auth-service/internal/handler/rest/tenant_handler.go:278.2,278.82 1 0
auth-service/internal/handler/rest/tenant_handler.go:278.82,284.3 2 0
auth-service/internal/handler/rest/tenant_handler.go:287.2,300.33 2 0
auth-service/internal/handler/rest/tenant_handler.go:314.54,316.20 2 0
auth-service/internal/handler/rest/tenant_handler.go:316.20,322.3 2 0
auth-service/internal/handler/rest/tenant_handler.go:325.2,325.84 1 0
auth-service/internal/handler/rest/tenant_handler.go:325.84,331.3 2 0
auth-service/internal/handler/rest/tenant_handler.go:333.2,335.4 1 0
auth-service/internal/handler/rest/tenant_handler.go:349.53,354.30 3 0
auth-service/internal/handler/rest/tenant_handler.go:354.30,356.3 1 0
auth-service/internal/handler/rest/tenant_handler.go:357.2,357.16 1 0
auth-service/internal/handler/rest/tenant_handler.go:357.16,359.3 1 0
auth-service/internal/handler/rest/tenant_handler.go:362.2,363.16 2 0
auth-service/internal/handler/rest/tenant_handler.go:363.16,369.3 2 0
auth-service/internal/handler/rest/tenant_handler.go:372.2,373.33 2 0
auth-service/internal/handler/rest/tenant_handler.go:373.33,386.3 1 0
auth-service/internal/handler/rest/tenant_handler.go:388.2,388.33 1 0
auth-service/internal/handler/rest/tenant_handler.go:402.56,404.20 2 0
auth-service/internal/handler/rest/tenant_handler.go:404.20,410.3 2 0
auth-service/internal/handler/rest/tenant_handler.go:413.2,414.16 2 0
auth-service/internal/handler/rest/tenant_handler.go:414.16,420.3 2 0
auth-service/internal/handler/rest/tenant_handler.go:423.2,434.33 2 0
auth-service/internal/handler/rest/two_factor_handler.go:21.98,26.2 1 0
auth-service/internal/handler/rest/two_factor_handler.go:29.65,32.72 2 0
auth-service/internal/handler/rest/two_factor_handler.go:32.72,33.64 1 0
auth-service/internal/handler/rest/two_factor_handler.go:33.64,35.4 1 0
auth-service/internal/handler/rest/two_factor_handler.go:39.2,39.22 1 0
auth-service/internal/handler/rest/two_factor_handler.go:39.22,41.3 1 0
auth-service/internal/handler/rest/two_factor_handler.go:43.2,44.47 2 0
auth-service/internal/handler/rest/two_factor_handler.go:44.47,49.3 4 0
auth-service/internal/handler/rest/two_factor_handler.go:52.2,52.88 1 0
auth-service/internal/handler/rest/two_factor_handler.go:52.88,61.3 4 0
auth-service/internal/handler/rest/two_factor_handler.go:64.2,64.52 1 0
auth-service/internal/handler/rest/two_factor_handler.go:64.52,69.3 4 0
auth-service/internal/handler/rest/two_factor_handler.go:72.2,80.16 3 0
auth-service/internal/handler/rest/two_factor_handler.go:80.16,82.49 1 0
auth-service/internal/handler/rest/two_factor_handler.go:82.49,91.4 3 0
auth-service/internal/handler/rest/two_factor_handler.go:94.3,100.9 4 0
auth-service/internal/handler/rest/two_factor_handler.go:104.2,110.29 2 0
auth-service/internal/handler/rest/two_factor_handler.go:114.66,117.72 2 0
auth-service/internal/handler/rest/two_factor_handler.go:117.72,118.64 1 0
auth-service/internal/handler/rest/two_factor_handler.go:118.64,120.4 1 0
auth-service/internal/handler/rest/two_factor_handler.go:124.2,124.22 1 0
auth-service/internal/handler/rest/two_factor_handler.go:124.22,126.3 1 0
auth-service/internal/handler/rest/two_factor_handler.go:128.2,129.47 2 0
auth-service/internal/handler/rest/two_factor_handler.go:129.47,134.3 4 0
auth-service/internal/handler/rest/two_factor_handler.go:137.2,137.42 1 0
auth-service/internal/handler/rest/two_factor_handler.go:137.42,144.3 4 0
auth-service/internal/handler/rest/two_factor_handler.go:147.2,147.41 1 0
auth-service/internal/handler/rest/two_factor_handler.go:147.41,152.3 4 0
auth-service/internal/handler/rest/two_factor_handler.go:155.2,163.16 3 0
auth-service/internal/handler/rest/two_factor_handler.go:163.16,170.3 4 0
auth-service/internal/handler/rest/two_factor_handler.go:172.2,172.11 1 0
auth-service/internal/handler/rest/two_factor_handler.go:172.11,181.3 2 0
auth-service/internal/handler/rest/two_factor_handler.go:181.8,188.3 3 0
auth-service/internal/handler/rest/two_factor_handler.go:192.63,195.72 2 0
auth-service/internal/handler/rest/two_factor_handler.go:195.72,196.64 1 0
auth-service/internal/handler/rest/two_factor_handler.go:196.64,198.4 1 0
auth-service/internal/handler/rest/two_factor_handler.go:202.2,202.22 1 0
auth-service/internal/handler/rest/two_factor_handler.go:202.22,204.3 1 0
auth-service/internal/handler/rest/two_factor_handler.go:206.2,207.20 2 0
auth-service/internal/handler/rest/two_factor_handler.go:207.20,212.3 4 0
auth-service/internal/handler/rest/two_factor_handler.go:215.2,216.16 2 0
auth-service/internal/handler/rest/two_factor_handler.go:216.16,223.3 4 0
auth-service/internal/handler/rest/two_factor_handler.go:226.2,227.25 2 0
auth-service/internal/handler/rest/two_factor_handler.go:227.25,229.17 2 0
auth-service/internal/handler/rest/two_factor_handler.go:229.17,233.4 1 0
auth-service/internal/handler/rest/two_factor_handler.go:236.2,250.4 2 0
auth-service/internal/handler/rest/two_factor_handler.go:254.77,257.2 2 0
auth-service/internal/handler/rest/two_factor_handler.go:257.2,261.3 3 0
auth-service/internal/actuator/actuator.go:45.46,54.16 2 33
auth-service/internal/actuator/actuator.go:54.16,57.3 1 0
auth-service/internal/actuator/actuator.go:59.2,104.3 7 33
auth-service/internal/actuator/actuator.go:108.78,111.2 2 1
auth-service/internal/actuator/actuator.go:114.81,117.2 2 1
auth-service/internal/actuator/actuator.go:120.55,122.2 2 19
auth-service/internal/actuator/actuator.go:122.2,149.3 15 19
auth-service/internal/actuator/actuator.go:151.2,151.83 1 19
auth-service/internal/actuator/actuator.go:155.43,165.2 4 2
auth-service/internal/actuator/actuator.go:168.45,177.2 4 2
auth-service/internal/actuator/actuator.go:180.46,189.2 4 2
auth-service/internal/actuator/actuator.go:192.41,197.2 3 2
auth-service/internal/actuator/actuator.go:200.48,215.2 4 2
auth-service/internal/actuator/actuator.go:218.44,235.2 5 2
auth-service/internal/actuator/actuator.go:238.54,248.2 5 2
auth-service/internal/actuator/actuator.go:251.43,263.2 2 2
auth-service/internal/actuator/actuator.go:266.43,275.2 2 2
auth-service/internal/actuator/actuator.go:278.47,290.2 4 2
auth-service/internal/actuator/actuator.go:293.45,311.2 4 2
auth-service/internal/actuator/actuator.go:314.48,319.2 1 2
auth-service/internal/actuator/actuator.go:322.45,340.2 2 2
auth-service/internal/actuator/actuator.go:343.44,353.2 2 2
auth-service/internal/actuator/actuator.go:356.51,363.51 3 4
auth-service/internal/actuator/actuator.go:363.51,368.3 2 2
auth-service/internal/actuator/actuator.go:370.2,374.4 1 2
auth-service/internal/actuator/actuator.go:378.95,381.2 2 4
auth-service/internal/actuator/actuator.go:384.58,386.2 1 2
auth-service/internal/actuator/actuator.go:389.56,391.2 1 2
auth-service/internal/actuator/actuator.go:394.43,408.2 3 6
auth-service/internal/actuator/actuator.go:411.44,418.2 1 4
auth-service/internal/actuator/actuator.go:421.44,431.2 1 4
auth-service/internal/actuator/health_checks.go:14.56,15.22 1 2
auth-service/internal/actuator/health_checks.go:15.22,20.3 3 0
auth-service/internal/actuator/health_checks.go:24.66,25.22 1 3
auth-service/internal/actuator/health_checks.go:25.22,29.3 1 3
auth-service/internal/actuator/health_checks.go:33.63,34.22 1 4
auth-service/internal/actuator/health_checks.go:34.22,38.3 1 4
auth-service/internal/actuator/health_checks.go:42.64,43.22 1 6
auth-service/internal/actuator/health_checks.go:43.22,50.53 4 6
auth-service/internal/actuator/health_checks.go:50.53,52.4 1 3
auth-service/internal/actuator/health_checks.go:54.3,54.13 1 3
auth-service/internal/actuator/health_checks.go:59.64,60.22 1 5
auth-service/internal/actuator/health_checks.go:60.22,62.28 2 5
auth-service/internal/actuator/health_checks.go:62.28,64.4 1 3
auth-service/internal/actuator/health_checks.go:65.3,65.13 1 2
auth-service/internal/actuator/health_checks.go:70.66,72.2 1 4
auth-service/internal/actuator/health_checks.go:75.91,76.22 1 6
auth-service/internal/actuator/health_checks.go:76.22,78.13 2 5
auth-service/internal/actuator/health_checks.go:78.13,80.4 1 5
auth-service/internal/actuator/health_checks.go:82.3,82.10 1 5
auth-service/internal/actuator/health_checks.go:83.22,84.14 1 2
auth-service/internal/actuator/health_checks.go:85.30,86.65 1 3
auth-service/internal/tracing/tracing.go:39.65,49.34 7 7
auth-service/internal/tracing/tracing.go:49.34,53.3 3 0
auth-service/internal/tracing/tracing.go:56.2,56.19 1 7
auth-service/internal/tracing/tracing.go:56.19,58.3 1 7
auth-service/internal/tracing/tracing.go:60.2,60.18 1 7
auth-service/internal/tracing/tracing.go:60.18,62.3 1 7
auth-service/internal/tracing/tracing.go:63.2,63.18 1 7
auth-service/internal/tracing/tracing.go:63.18,65.3 1 4
auth-service/internal/tracing/tracing.go:67.2,70.19 2 7
auth-service/internal/tracing/tracing.go:70.19,72.3 1 1
auth-service/internal/tracing/tracing.go:75.2,75.18 1 7
auth-service/internal/tracing/tracing.go:75.18,77.3 1 0
auth-service/internal/tracing/tracing.go:79.2,84.3 1 7
auth-service/internal/tracing/tracing.go:88.56,90.59 1 7
auth-service/internal/tracing/tracing.go:90.59,92.3 1 2
auth-service/internal/tracing/tracing.go:95.2,95.71 1 5
auth-service/internal/tracing/tracing.go:95.71,97.3 1 1
auth-service/internal/tracing/tracing.go:100.2,100.68 1 4
auth-service/internal/tracing/tracing.go:100.68,102.3 1 1
auth-service/internal/tracing/tracing.go:105.2,105.56 1 3
auth-service/internal/tracing/tracing.go:105.56,107.3 1 2
auth-service/internal/tracing/tracing.go:109.2,109.11 1 1
auth-service/internal/tracing/tracing.go:113.55,114.56 1 7
auth-service/internal/tracing/tracing.go:114.56,116.3 1 2
auth-service/internal/tracing/tracing.go:119.2,119.71 1 5
auth-service/internal/tracing/tracing.go:119.71,121.3 1 1
auth-service/internal/tracing/tracing.go:123.2,123.11 1 4
auth-service/internal/tracing/tracing.go:128.51,130.29 2 5
auth-service/internal/tracing/tracing.go:130.29,131.39 1 5
auth-service/internal/tracing/tracing.go:131.39,136.4 2 3
auth-service/internal/tracing/tracing.go:138.2,138.11 1 2
auth-service/internal/tracing/tracing.go:142.50,144.29 2 4
auth-service/internal/tracing/tracing.go:144.29,145.41 1 7
auth-service/internal/tracing/tracing.go:145.41,147.4 1 2
auth-service/internal/tracing/tracing.go:149.2,149.11 1 2
auth-service/internal/tracing/tracing.go:154.58,156.20 2 5
auth-service/internal/tracing/tracing.go:156.20,158.3 1 5
auth-service/internal/tracing/tracing.go:159.2,159.11 1 0
auth-service/internal/tracing/tracing.go:163.31,167.2 1 4
auth-service/internal/tracing/tracing.go:170.30,173.2 1 7
auth-service/internal/tracing/tracing.go:176.40,179.16 3 11
auth-service/internal/tracing/tracing.go:179.16,182.24 2 0
auth-service/internal/tracing/tracing.go:182.24,184.4 1 0
auth-service/internal/tracing/tracing.go:186.2,186.14 1 11
auth-service/internal/tracing/tracing.go:190.73,194.2 3 1
auth-service/internal/tracing/tracing.go:197.107,205.2 3 1
auth-service/internal/tracing/tracing.go:208.66,214.2 3 1
auth-service/internal/tracing/tracing.go:217.63,221.2 2 1
auth-service/internal/tracing/tracing.go:224.72,228.19 3 2
auth-service/internal/tracing/tracing.go:228.19,230.3 1 1
auth-service/internal/tracing/tracing.go:231.2,231.18 1 2
auth-service/internal/tracing/tracing.go:231.18,233.3 1 1
auth-service/internal/tracing/tracing.go:235.2,239.3 1 2
auth-service/internal/service/mfa_service.go:25.33,27.2 1 0
auth-service/internal/service/mfa_service.go:30.78,34.16 3 0
auth-service/internal/service/mfa_service.go:34.16,36.3 1 0
auth-service/internal/service/mfa_service.go:37.2,37.69 1 0
auth-service/internal/service/mfa_service.go:41.83,48.16 3 0
auth-service/internal/service/mfa_service.go:48.16,50.3 1 0
auth-service/internal/service/mfa_service.go:51.2,51.53 1 0
auth-service/internal/service/mfa_service.go:55.70,63.2 2 0
auth-service/internal/service/mfa_service.go:66.62,68.25 2 0
auth-service/internal/service/mfa_service.go:68.25,71.17 3 0
auth-service/internal/service/mfa_service.go:71.17,73.4 1 0
auth-service/internal/service/mfa_service.go:74.3,74.61 1 0
auth-service/internal/service/mfa_service.go:76.2,76.19 1 0
auth-service/internal/service/notification_client.go:32.85,43.2 2 3
auth-service/internal/service/notification_client.go:46.143,48.70 1 0
auth-service/internal/service/notification_client.go:48.70,50.3 1 0
auth-service/internal/service/notification_client.go:52.2,52.16 1 0
auth-service/internal/service/notification_client.go:52.16,54.36 1 0
auth-service/internal/service/notification_client.go:54.36,56.4 1 0
auth-service/internal/service/notification_client.go:57.3,57.64 1 0
auth-service/internal/service/notification_client.go:60.2,61.9 2 0
auth-service/internal/service/notification_client.go:61.9,63.3 1 0
auth-service/internal/service/notification_client.go:65.2,65.22 1 0
auth-service/internal/service/notification_client.go:69.152,72.16 2 0
auth-service/internal/service/notification_client.go:72.16,74.3 1 0
auth-service/internal/service/notification_client.go:77.2,78.16 2 0
auth-service/internal/service/notification_client.go:78.16,80.3 1 0
auth-service/internal/service/notification_client.go:82.2,88.62 5 0
auth-service/internal/service/notification_client.go:88.62,90.17 2 0
auth-service/internal/service/notification_client.go:90.17,94.37 2 0
auth-service/internal/service/notification_client.go:94.37,96.12 2 0
auth-service/internal/service/notification_client.go:97.23,98.27 1 0
auth-service/internal/service/notification_client.go:99.32,100.14 1 0
auth-service/internal/service/notification_client.go:103.4,103.12 1 0
auth-service/internal/service/notification_client.go:107.3,107.33 1 0
auth-service/internal/service/notification_client.go:110.2,110.66 1 0
auth-service/internal/service/notification_client.go:114.105,119.16 3 0
auth-service/internal/service/notification_client.go:119.16,121.3 1 0
auth-service/internal/service/notification_client.go:124.2,125.64 2 0
auth-service/internal/service/notification_client.go:125.64,127.3 1 0
auth-service/internal/service/notification_client.go:130.2,130.25 1 0
auth-service/internal/service/notification_client.go:131.62,132.32 1 0
auth-service/internal/service/notification_client.go:133.29,134.89 1 0
auth-service/internal/service/notification_client.go:135.31,136.89 1 0
auth-service/internal/service/notification_client.go:137.28,138.88 1 0
auth-service/internal/service/notification_client.go:139.34,140.92 1 0
auth-service/internal/service/notification_client.go:141.38,142.88 1 0
auth-service/internal/service/notification_client.go:143.37,144.93 1 0
auth-service/internal/service/notification_client.go:145.10,147.63 1 0
auth-service/internal/service/notification_client.go:152.71,154.2 1 0
auth-service/internal/service/notification_client.go:157.47,158.59 1 0
auth-service/internal/service/notification_client.go:158.59,160.3 1 0
auth-service/internal/service/notification_client.go:161.2,161.18 1 0
auth-service/internal/service/notification_client.go:170.147,171.35 1 6
auth-service/internal/service/notification_client.go:171.35,173.3 1 6
auth-service/internal/service/notification_client.go:174.2,174.87 1 0
auth-service/internal/service/notification_client.go:177.75,179.2 1 0
auth-service/internal/service/otp_service.go:35.33,44.2 2 3
auth-service/internal/service/otp_service.go:47.78,54.2 1 0
auth-service/internal/service/otp_service.go:57.120,64.2 1 1
auth-service/internal/service/otp_service.go:67.126,72.41 3 17
auth-service/internal/service/otp_service.go:72.41,74.3 1 0
auth-service/internal/service/otp_service.go:77.2,78.16 2 17
auth-service/internal/service/otp_service.go:78.16,80.3 1 0
auth-service/internal/service/otp_service.go:83.2,86.56 2 17
auth-service/internal/service/otp_service.go:86.56,88.3 1 0
auth-service/internal/service/otp_service.go:91.2,91.46 1 17
auth-service/internal/service/otp_service.go:91.46,93.3 1 0
auth-service/internal/service/otp_service.go:96.2,96.89 1 17
auth-service/internal/service/otp_service.go:96.89,97.49 1 0
auth-service/internal/service/otp_service.go:97.49,99.4 1 0
auth-service/internal/service/otp_service.go:103.2,104.22 2 17
auth-service/internal/service/otp_service.go:104.22,106.3 1 1
auth-service/internal/service/otp_service.go:109.2,109.41 1 17
auth-service/internal/service/otp_service.go:109.41,111.3 1 5
auth-service/internal/service/otp_service.go:114.2,119.28 5 12
auth-service/internal/service/otp_service.go:119.28,121.3 1 8
auth-service/internal/service/otp_service.go:123.2,140.24 5 12
auth-service/internal/service/otp_service.go:141.31,142.40 1 12
auth-service/internal/service/otp_service.go:142.40,144.4 1 12
auth-service/internal/service/otp_service.go:144.9,146.4 1 0
auth-service/internal/service/otp_service.go:147.29,148.41 1 0
auth-service/internal/service/otp_service.go:148.41,152.4 3 0
auth-service/internal/service/otp_service.go:152.9,154.4 1 0
auth-service/internal/service/otp_service.go:155.30,156.22 1 0
auth-service/internal/service/otp_service.go:156.22,158.4 1 0
auth-service/internal/service/otp_service.go:159.3,159.23 1 0
auth-service/internal/service/otp_service.go:159.23,163.4 3 0
auth-service/internal/service/otp_service.go:166.2,178.8 3 12
auth-service/internal/service/otp_service.go:182.78,188.16 4 3
auth-service/internal/service/otp_service.go:188.16,190.3 1 0
auth-service/internal/service/otp_service.go:192.2,194.9 3 3
auth-service/internal/service/otp_service.go:194.9,196.3 1 0
auth-service/internal/service/otp_service.go:198.2,198.55 1 3
auth-service/internal/service/otp_service.go:198.55,200.3 1 0
auth-service/internal/service/otp_service.go:202.2,202.29 1 3
auth-service/internal/service/otp_service.go:202.29,204.3 1 3
auth-service/internal/service/otp_service.go:206.2,207.18 2 0
auth-service/internal/service/otp_service.go:211.91,216.18 2 10
auth-service/internal/service/otp_service.go:217.22,234.4 1 2
auth-service/internal/service/otp_service.go:235.20,252.4 1 4
auth-service/internal/service/otp_service.go:253.27,270.4 1 2
auth-service/internal/service/otp_service.go:271.10,289.4 1 2
auth-service/internal/service/otp_service.go:293.2,296.55 2 10
auth-service/internal/service/otp_service.go:296.55,299.3 2 0
auth-service/internal/service/otp_service.go:301.2,301.20 1 10
auth-service/internal/service/otp_service.go:305.85,307.16 2 0
auth-service/internal/service/otp_service.go:307.16,309.3 1 0
auth-service/internal/service/otp_service.go:311.2,311.39 1 0
auth-service/internal/service/otp_service.go:315.63,319.55 3 0
auth-service/internal/service/otp_service.go:319.55,323.3 3 0
auth-service/internal/service/otp_service.go:325.2,325.12 1 0
auth-service/internal/service/otp_service.go:329.84,334.2 3 0
auth-service/internal/service/otp_service.go:337.74,338.33 1 0
auth-service/internal/service/otp_service.go:338.33,340.3 1 0
auth-service/internal/service/otp_service.go:342.2,342.54 1 0
auth-service/internal/service/otp_service.go:342.54,344.3 1 0
auth-service/internal/service/otp_service.go:346.2,346.12 1 0
auth-service/internal/service/otp_service.go:349.72,351.62 1 0
auth-service/internal/service/otp_service.go:351.62,353.3 1 0
auth-service/internal/service/otp_service.go:353.8,359.3 1 0
auth-service/internal/service/otp_service.go:361.2,362.85 1 0
auth-service/internal/service/otp_service.go:365.91,367.62 2 0
auth-service/internal/service/otp_service.go:367.62,369.3 1 0
auth-service/internal/service/otp_service.go:371.2,372.19 2 0
auth-service/internal/service/otp_service.go:372.19,374.3 1 0
auth-service/internal/service/otp_service.go:376.2,377.32 2 0
auth-service/internal/service/otp_service.go:377.32,379.3 1 0
auth-service/internal/service/otp_service.go:381.2,389.3 2 0
auth-service/internal/service/otp_service.go:392.80,397.33 3 10
auth-service/internal/service/otp_service.go:397.33,399.63 1 0
auth-service/internal/service/otp_service.go:399.63,403.4 3 0
auth-service/internal/service/otp_service.go:407.94,409.25 1 17
auth-service/internal/service/otp_service.go:409.25,410.63 1 0
auth-service/internal/service/otp_service.go:410.63,412.4 1 0
auth-service/internal/service/otp_service.go:413.3,413.65 1 0
auth-service/internal/service/otp_service.go:413.65,415.4 1 0
auth-service/internal/service/otp_service.go:416.3,416.28 1 0
auth-service/internal/service/otp_service.go:420.2,420.41 1 17
auth-service/internal/service/otp_service.go:420.41,422.3 1 17
auth-service/internal/service/otp_service.go:423.2,423.41 1 0
auth-service/internal/service/otp_service.go:423.41,425.3 1 0
auth-service/internal/service/otp_service.go:426.2,426.41 1 0
auth-service/internal/service/otp_service.go:426.41,429.3 1 0
auth-service/internal/service/otp_service.go:431.2,431.68 1 0
auth-service/internal/service/otp_service.go:434.110,436.25 1 3
auth-service/internal/service/otp_service.go:436.25,437.63 1 0
auth-service/internal/service/otp_service.go:437.63,439.4 1 0
auth-service/internal/service/otp_service.go:440.3,440.65 1 0
auth-service/internal/service/otp_service.go:440.65,442.4 1 0
auth-service/internal/service/otp_service.go:443.3,443.28 1 0
auth-service/internal/service/otp_service.go:447.2,447.41 1 3
auth-service/internal/service/otp_service.go:447.41,449.3 1 3
auth-service/internal/service/otp_service.go:450.2,450.41 1 0
auth-service/internal/service/otp_service.go:450.41,452.3 1 0
auth-service/internal/service/otp_service.go:453.2,453.41 1 0
auth-service/internal/service/otp_service.go:453.41,456.3 1 0
auth-service/internal/service/otp_service.go:458.2,458.68 1 0
auth-service/internal/service/otp_service.go:461.158,463.87 1 17
auth-service/internal/service/otp_service.go:463.87,465.3 1 0
auth-service/internal/service/otp_service.go:468.2,468.19 1 17
auth-service/internal/service/otp_service.go:469.28,470.28 1 17
auth-service/internal/service/otp_service.go:470.28,472.4 1 17
auth-service/internal/service/otp_service.go:473.29,474.26 1 0
auth-service/internal/service/otp_service.go:474.26,476.4 1 0
auth-service/internal/service/otp_service.go:480.2,480.37 1 0
auth-service/internal/service/otp_service.go:483.116,484.16 1 17
auth-service/internal/service/otp_service.go:485.31,486.31 1 17
auth-service/internal/service/otp_service.go:487.29,488.29 1 0
auth-service/internal/service/otp_service.go:489.30,490.54 1 0
auth-service/internal/service/otp_service.go:491.36,492.32 1 0
auth-service/internal/service/otp_service.go:493.10,494.15 1 0
auth-service/internal/service/otp_service.go:498.109,499.19 1 17
auth-service/internal/service/otp_service.go:500.28,501.31 1 17
auth-service/internal/service/otp_service.go:502.29,503.29 1 0
auth-service/internal/service/otp_service.go:504.10,505.15 1 0
auth-service/internal/service/otp_service.go:509.101,511.27 2 12
auth-service/internal/service/otp_service.go:511.27,513.3 1 12
auth-service/internal/service/otp_service.go:514.2,514.25 1 12
auth-service/internal/service/otp_service.go:514.25,516.3 1 2
auth-service/internal/service/otp_service.go:517.2,517.50 1 12
auth-service/internal/service/otp_service.go:517.50,519.3 1 2
auth-service/internal/service/otp_service.go:520.2,520.28 1 12
auth-service/internal/service/otp_service.go:520.28,522.3 1 2
auth-service/internal/service/otp_service.go:523.2,523.16 1 12
auth-service/internal/service/otp_service.go:526.95,528.27 2 12
auth-service/internal/service/otp_service.go:528.27,530.3 1 12
auth-service/internal/service/otp_service.go:531.2,531.25 1 12
auth-service/internal/service/otp_service.go:531.25,533.3 1 2
auth-service/internal/service/otp_service.go:534.2,534.15 1 12
auth-service/internal/service/otp_service.go:537.96,538.19 1 12
auth-service/internal/service/otp_service.go:539.28,540.40 1 12
auth-service/internal/service/otp_service.go:541.29,542.41 1 0
auth-service/internal/service/otp_service.go:543.10,544.40 1 0
auth-service/internal/service/otp_service.go:548.112,549.19 1 3
auth-service/internal/service/otp_service.go:550.28,551.40 1 3
auth-service/internal/service/otp_service.go:552.29,553.41 1 0
auth-service/internal/service/otp_service.go:554.10,555.40 1 0
auth-service/internal/service/otp_service.go:559.65,562.2 1 12
auth-service/internal/service/otp_service.go:564.64,567.2 1 0
auth-service/internal/service/otp_service.go:569.34,573.2 3 18
auth-service/internal/service/otp_service.go:576.137,581.56 3 11
auth-service/internal/service/otp_service.go:581.56,583.3 1 0
auth-service/internal/service/otp_service.go:586.2,587.12 2 11
auth-service/internal/service/otp_service.go:587.12,590.3 1 1
auth-service/internal/service/otp_service.go:593.2,594.16 2 10
auth-service/internal/service/otp_service.go:594.16,596.3 1 1
auth-service/internal/service/otp_service.go:599.2,599.85 1 9
auth-service/internal/service/otp_service.go:599.85,601.3 1 3
auth-service/internal/service/otp_service.go:604.2,605.16 2 6
auth-service/internal/service/otp_service.go:605.16,608.3 1 0
auth-service/internal/service/otp_service.go:611.2,612.16 2 6
auth-service/internal/service/otp_service.go:612.16,614.3 1 0
auth-service/internal/service/otp_service.go:617.2,618.16 2 6
auth-service/internal/service/otp_service.go:618.16,620.3 1 0
auth-service/internal/service/otp_service.go:623.2,628.16 4 6
auth-service/internal/service/otp_service.go:628.16,632.3 2 1
auth-service/internal/service/otp_service.go:635.2,644.8 2 5
auth-service/internal/service/otp_service.go:648.87,657.43 2 11
auth-service/internal/service/otp_service.go:657.43,658.18 1 44
auth-service/internal/service/otp_service.go:658.18,661.4 1 0
auth-service/internal/service/otp_service.go:664.2,664.12 1 11
auth-service/internal/service/otp_service.go:668.138,675.16 3 10
auth-service/internal/service/otp_service.go:675.16,678.3 1 1
auth-service/internal/service/otp_service.go:680.2,680.30 1 9
auth-service/internal/service/otp_service.go:684.117,708.41 2 9
auth-service/internal/service/otp_service.go:708.41,709.23 1 23
auth-service/internal/service/otp_service.go:709.23,711.4 1 3
auth-service/internal/service/otp_service.go:714.2,714.12 1 6
auth-service/internal/service/otp_service.go:718.87,720.22 2 6
auth-service/internal/service/otp_service.go:720.22,722.3 1 0
auth-service/internal/service/otp_service.go:725.2,725.41 1 6
auth-service/internal/service/otp_service.go:725.41,728.3 1 0
auth-service/internal/service/otp_service.go:731.2,735.31 4 6
auth-service/internal/service/otp_service.go:739.157,742.28 2 6
auth-service/internal/service/otp_service.go:742.28,744.3 1 0
auth-service/internal/service/otp_service.go:747.2,759.9 4 6
auth-service/internal/service/otp_service.go:759.9,762.3 1 0
auth-service/internal/service/otp_service.go:764.2,765.9 2 6
auth-service/internal/service/otp_service.go:765.9,768.3 1 0
auth-service/internal/service/otp_service.go:770.2,782.20 2 6
auth-service/internal/service/otp_service.go:786.190,790.23 3 6
auth-service/internal/service/otp_service.go:790.23,793.3 2 0
auth-service/internal/service/otp_service.go:795.2,813.16 4 6
auth-service/internal/service/otp_service.go:813.16,816.3 1 1
auth-service/internal/service/otp_service.go:818.2,818.30 1 5
auth-service/internal/service/subscription_client.go:32.85,43.2 2 3
auth-service/internal/service/subscription_client.go:46.163,48.70 1 0
auth-service/internal/service/subscription_client.go:48.70,50.3 1 0
auth-service/internal/service/subscription_client.go:52.2,52.16 1 0
auth-service/internal/service/subscription_client.go:52.16,54.36 1 0
auth-service/internal/service/subscription_client.go:54.36,56.4 1 0
auth-service/internal/service/subscription_client.go:57.3,57.64 1 0
auth-service/internal/service/subscription_client.go:60.2,61.9 2 0
auth-service/internal/service/subscription_client.go:61.9,63.3 1 0
auth-service/internal/service/subscription_client.go:65.2,65.22 1 0
auth-service/internal/service/subscription_client.go:69.172,72.16 2 0
auth-service/internal/service/subscription_client.go:72.16,74.3 1 0
auth-service/internal/service/subscription_client.go:77.2,78.16 2 0
auth-service/internal/service/subscription_client.go:78.16,80.3 1 0
auth-service/internal/service/subscription_client.go:82.2,88.62 5 0
auth-service/internal/service/subscription_client.go:88.62,90.17 2 0
auth-service/internal/service/subscription_client.go:90.17,94.37 2 0
auth-service/internal/service/subscription_client.go:94.37,96.12 2 0
auth-service/internal/service/subscription_client.go:97.23,98.27 1 0
auth-service/internal/service/subscription_client.go:99.32,100.14 1 0
auth-service/internal/service/subscription_client.go:103.4,103.12 1 0
auth-service/internal/service/subscription_client.go:107.3,107.33 1 0
auth-service/internal/service/subscription_client.go:110.2,110.66 1 0
auth-service/internal/service/subscription_client.go:114.115,119.16 3 0
auth-service/internal/service/subscription_client.go:119.16,121.3 1 0
auth-service/internal/service/subscription_client.go:124.2,125.64 2 0
auth-service/internal/service/subscription_client.go:125.64,127.3 1 0
auth-service/internal/service/subscription_client.go:130.2,130.25 1 0
auth-service/internal/service/subscription_client.go:131.21,132.32 1 0
auth-service/internal/service/subscription_client.go:133.29,134.89 1 0
auth-service/internal/service/subscription_client.go:135.31,136.89 1 0
auth-service/internal/service/subscription_client.go:137.28,138.88 1 0
auth-service/internal/service/subscription_client.go:139.34,140.94 1 0
auth-service/internal/service/subscription_client.go:141.34,142.92 1 0
auth-service/internal/service/subscription_client.go:143.38,144.88 1 0
auth-service/internal/service/subscription_client.go:145.37,146.93 1 0
auth-service/internal/service/subscription_client.go:147.10,149.63 1 0
auth-service/internal/service/subscription_client.go:154.71,156.2 1 0
auth-service/internal/service/subscription_client.go:164.167,165.39 1 10
auth-service/internal/service/subscription_client.go:165.39,167.3 1 10
auth-service/internal/service/subscription_client.go:170.2,178.8 1 0
auth-service/internal/service/subscription_client.go:181.75,183.2 1 0
auth-service/internal/service/tenant_service.go:41.39,43.2 1 0
auth-service/internal/service/tenant_service.go:46.88,48.23 1 0
auth-service/internal/service/tenant_service.go:48.23,50.3 1 0
auth-service/internal/service/tenant_service.go:51.2,51.25 1 0
auth-service/internal/service/tenant_service.go:51.25,53.3 1 0
auth-service/internal/service/tenant_service.go:56.2,68.12 6 0
auth-service/internal/service/tenant_service.go:72.97,73.20 1 0
auth-service/internal/service/tenant_service.go:73.20,75.3 1 0
auth-service/internal/service/tenant_service.go:81.2,96.8 1 0
auth-service/internal/service/tenant_service.go:100.88,101.21 1 0
auth-service/internal/service/tenant_service.go:101.21,103.3 1 0
auth-service/internal/service/tenant_service.go:105.2,111.12 2 0
auth-service/internal/service/tenant_service.go:115.82,116.20 1 0
auth-service/internal/service/tenant_service.go:116.20,118.3 1 0
auth-service/internal/service/tenant_service.go:124.2,124.12 1 0
auth-service/internal/service/tenant_service.go:128.103,149.2 1 0
auth-service/internal/service/tenant_service.go:152.107,153.20 1 0
auth-service/internal/service/tenant_service.go:153.20,155.3 1 0
auth-service/internal/service/tenant_service.go:161.2,170.8 1 0
auth-service/internal/service/tenant_service.go:174.90,176.16 2 0
auth-service/internal/service/tenant_service.go:176.16,178.3 1 0
auth-service/internal/service/tenant_service.go:181.2,181.31 1 0
auth-service/internal/service/tenant_service.go:181.31,183.3 1 0
auth-service/internal/service/tenant_service.go:186.2,186.68 1 0
auth-service/internal/service/tenant_service.go:186.68,188.3 1 0
auth-service/internal/service/tenant_service.go:199.2,199.12 1 0
auth-service/internal/service/tenant_service.go:203.97,204.26 1 0
auth-service/internal/service/tenant_service.go:204.26,206.3 1 0
auth-service/internal/service/tenant_service.go:208.2,214.12 2 0
auth-service/internal/service/tenant_service.go:218.67,219.21 1 0
auth-service/internal/service/tenant_service.go:220.15,238.4 2 0
auth-service/internal/service/tenant_service.go:239.13,257.4 2 0
auth-service/internal/service/tenant_service.go:258.20,276.4 2 0
auth-service/internal/service/tenant_service.go:277.10,280.31 2 0
auth-service/internal/service/tenant_service.go:285.132,286.43 1 0
auth-service/internal/service/tenant_service.go:286.43,288.3 1 0
auth-service/internal/service/tenant_service.go:291.2,292.16 2 0
auth-service/internal/service/tenant_service.go:292.16,294.3 1 0
auth-service/internal/service/tenant_service.go:297.2,297.45 1 0
auth-service/internal/service/tenant_service.go:297.45,299.3 1 0
auth-service/internal/service/tenant_service.go:302.2,302.63 1 0
auth-service/internal/service/tenant_service.go:302.63,304.3 1 0
auth-service/internal/service/tenant_service.go:307.2,308.16 2 0
auth-service/internal/service/tenant_service.go:308.16,310.3 1 0
auth-service/internal/service/tenant_service.go:313.2,314.16 2 0
auth-service/internal/service/tenant_service.go:314.16,316.3 1 0
auth-service/internal/service/tenant_service.go:318.2,327.8 1 0
auth-service/internal/service/tenant_service.go:331.115,333.83 1 0
auth-service/internal/service/tenant_service.go:333.83,335.58 1 0
auth-service/internal/service/tenant_service.go:335.58,337.4 1 0
auth-service/internal/service/tenant_service.go:338.3,338.42 1 0
auth-service/internal/service/tenant_service.go:341.2,341.16 1 0
auth-service/internal/service/tenant_service.go:341.16,343.3 1 0
auth-service/internal/service/tenant_service.go:345.2,345.18 1 0
auth-service/internal/service/tenant_service.go:345.18,347.3 1 0
auth-service/internal/service/tenant_service.go:350.2,351.9 2 0
auth-service/internal/service/tenant_service.go:351.9,353.3 1 0
auth-service/internal/service/tenant_service.go:356.2,356.32 1 0
auth-service/internal/service/tenant_service.go:356.32,358.3 1 0
auth-service/internal/service/tenant_service.go:361.2,361.44 1 0
auth-service/internal/service/tenant_service.go:361.44,362.37 1 0
auth-service/internal/service/tenant_service.go:362.37,364.4 1 0
auth-service/internal/service/tenant_service.go:367.2,368.9 2 0
auth-service/internal/service/tenant_service.go:368.9,370.3 1 0
auth-service/internal/service/tenant_service.go:373.2,373.62 1 0
auth-service/internal/service/tenant_service.go:373.62,375.3 1 0
auth-service/internal/service/tenant_service.go:377.2,384.8 1 0
auth-service/internal/service/tenant_service.go:388.122,397.16 3 0
auth-service/internal/service/tenant_service.go:397.16,399.3 1 0
auth-service/internal/service/tenant_service.go:402.2,402.63 1 0
auth-service/internal/service/tenant_service.go:402.63,404.3 1 0
auth-service/internal/service/tenant_service.go:407.2,408.16 2 0
auth-service/internal/service/tenant_service.go:408.16,410.3 1 0
auth-service/internal/service/tenant_service.go:413.2,414.16 2 0
auth-service/internal/service/tenant_service.go:414.16,416.3 1 0
auth-service/internal/service/tenant_service.go:418.2,427.8 1 0
auth-service/internal/service/tenant_service.go:431.84,436.2 2 0
auth-service/internal/service/tenant_service.go:439.107,440.20 1 0
auth-service/internal/service/tenant_service.go:440.20,442.3 1 0
auth-service/internal/service/tenant_service.go:448.2,448.37 1 0
auth-service/internal/service/tenant_service.go:448.37,467.3 1 0
auth-service/internal/service/tenant_service.go:469.2,469.44 1 0
auth-service/internal/service/tenant_service.go:473.84,484.2 3 0
auth-service/internal/service/tenant_service.go:487.79,490.44 2 0
auth-service/internal/service/tenant_service.go:490.44,492.3 1 0
auth-service/internal/service/tenant_service.go:493.2,493.39 1 0
